2025-02-20 20:46:00 | INFO | Starting job scraping at 2025-02-20 20:46:00.042239
2025-02-20 20:46:00 | INFO | Starting job scraping...
2025-02-20 20:46:29 | INFO | Accessing https://www.jobfound.org/
2025-02-20 20:46:36 | INFO | Collecting job URLs...
2025-02-20 20:47:10 | INFO | Found 600 job URLs
2025-02-20 20:47:10 | INFO | Processing job detail page: https://www.jobfound.org/job/myntra-is-hiring-for-software-engineer-java-backend-2024-passouts
2025-02-20 20:47:25 | INFO | Found apply link: https://job-boards.greenhouse.io/myntra/jobs/7871478002?gh_src=bb272d8c2
2025-02-20 20:47:25 | INFO | Added today's job: Myntra is hiring for Software Engineer-Java Backend (2024 Passouts) | Freshers
2025-02-20 20:47:26 | INFO | Processing job detail page: https://www.jobfound.org/job/credit-saison-finance-pvt-ltd-is-hiring-for-software-developer-or-remote-software-engineer
2025-02-20 20:47:34 | INFO | Found apply link: https://cutshort.io/job/Software-Developer-Bengaluru-Bangalore-Credit-Saison-Finance-Pvt-Ltd-Hhma9qbJ?applicationsource=linkedin-feed
2025-02-20 20:47:34 | INFO | Added today's job: Credit Saison Finance Pvt Ltd is hiring for Software Developer | Remote
2025-02-20 20:47:35 | INFO | Processing job detail page: https://www.jobfound.org/job/one97-communications-limited-is-hiring-for-frontend-software-engineeror
2025-02-20 20:47:43 | INFO | Found apply link: https://www.linkedin.com/jobs/view/4159359570/?alternateChannel=search
2025-02-20 20:47:43 | INFO | Added today's job: One97 Communications Limited is hiring for Frontend - Software Engineer| Noida
2025-02-20 20:47:44 | INFO | Processing job detail page: https://www.jobfound.org/job/callhub-is-hiring-for-software-development-engineering-or-bangalore-software-engineer
2025-02-20 20:47:54 | INFO | Found apply link: https://internshala.com/internship/detail/software-development-engineering-web-internship-in-bangalore-at-callhub1739868416
2025-02-20 20:47:54 | INFO | Added today's job: CallHub is hiring for Software Development Engineering Intern | Bangalore
2025-02-20 20:47:55 | INFO | Processing job detail page: https://www.jobfound.org/job/opslyft-is-hiring-for-backend-sde-intern-or-noida-sdet
2025-02-20 20:48:03 | INFO | Found apply link: https://wellfound.com/jobs/3212374-backend-sde-intern?utm_campaign=linkedin_syndication&utm_source=linkedin
2025-02-20 20:48:03 | INFO | Added today's job: OpsLyft is hiring for Backend SDE Intern | Noida
2025-02-20 20:48:04 | INFO | Processing job detail page: https://www.jobfound.org/job/100ms-inc-is-hiring-for-software-developer-or-bengaluru-software-engineer
2025-02-20 20:48:11 | WARNING | Error getting apply link: Message: element click intercepted: Element <button class="justify-center whitespace-nowrap ring-offset-background focus-visible:outline-none focus-visible:ring-2 focus-visible:ring-ring focus-visible:ring-offset-2 disabled:pointer-events-none disabled:opacity-50 h-11 bg-blue-600 hover:bg-blue-700 text-white font-semibold px-6 py-4 text-lg rounded-full transition-all duration-200 hover:scale-105 hover:shadow-lg flex items-center gap-2 group">...</button> is not clickable at point (377, 912). Other element would receive the click: <div id="aswift_10_host" style="border: none !important; height: 124px !important; width: 100% !important; margin: 0px !important; padding: 0px !important; position: relative !important; visibility: visible !important; background-color: transparent !important; display: inline-block !important; inset: auto !important; clear: none !important; float: none !important; max-height: none !important; max-width: none !important; opacity: 1 !important; overflow: visible !important; vertical-align: baseline !important; z-index: auto !important;">...</div>
  (Session info: chrome=133.0.6943.98)
Stacktrace:
	GetHandleVerifier [0x00A90283+25139]
	(No symbol) [0x00A1B234]
	(No symbol) [0x008F04A3]
	(No symbol) [0x0093E5D0]
	(No symbol) [0x0093C984]
	(No symbol) [0x0093A517]
	(No symbol) [0x009397D4]
	(No symbol) [0x0092DE55]
	(No symbol) [0x0095CF3C]
	(No symbol) [0x0092D8E4]
	(No symbol) [0x0095D1B4]
	(No symbol) [0x0097E6E1]
	(No symbol) [0x0095CD36]
	(No symbol) [0x0092BD29]
	(No symbol) [0x0092D064]
	GetHandleVerifier [0x00D9B143+3215603]
	GetHandleVerifier [0x00DB22BA+3310186]
	GetHandleVerifier [0x00DAC4D2+3286146]
	GetHandleVerifier [0x00B29C80+654384]
	(No symbol) [0x00A245BD]
	(No symbol) [0x00A214A8]
	(No symbol) [0x00A21647]
	(No symbol) [0x00A13D20]
	BaseThreadInitThunk [0x76A75D49+25]
	RtlInitializeExceptionChain [0x775DCDEB+107]
	RtlGetAppContainerNamedObjectPath [0x775DCD71+561]

2025-02-20 20:48:11 | INFO | Added today's job: 100ms Inc is hiring for Software Developer | Bengaluru
2025-02-20 20:48:12 | INFO | Processing job detail page: https://www.jobfound.org/job/middleware-is-hiring-for-frontend-engineer-or-gurugram-frontend-development
2025-02-20 20:48:20 | WARNING | Error getting apply link: Message: element click intercepted: Element <button class="justify-center whitespace-nowrap ring-offset-background focus-visible:outline-none focus-visible:ring-2 focus-visible:ring-ring focus-visible:ring-offset-2 disabled:pointer-events-none disabled:opacity-50 h-11 bg-blue-600 hover:bg-blue-700 text-white font-semibold px-6 py-4 text-lg rounded-full transition-all duration-200 hover:scale-105 hover:shadow-lg flex items-center gap-2 group">...</button> is not clickable at point (377, 912). Other element would receive the click: <div id="aswift_10_host" style="border: none !important; height: 124px !important; width: 100% !important; margin: 0px !important; padding: 0px !important; position: relative !important; visibility: visible !important; background-color: transparent !important; display: inline-block !important; inset: auto !important; clear: none !important; float: none !important; max-height: none !important; max-width: none !important; opacity: 1 !important; overflow: visible !important; vertical-align: baseline !important; z-index: auto !important;">...</div>
  (Session info: chrome=133.0.6943.98)
Stacktrace:
	GetHandleVerifier [0x00A90283+25139]
	(No symbol) [0x00A1B234]
	(No symbol) [0x008F04A3]
	(No symbol) [0x0093E5D0]
	(No symbol) [0x0093C984]
	(No symbol) [0x0093A517]
	(No symbol) [0x009397D4]
	(No symbol) [0x0092DE55]
	(No symbol) [0x0095CF3C]
	(No symbol) [0x0092D8E4]
	(No symbol) [0x0095D1B4]
	(No symbol) [0x0097E6E1]
	(No symbol) [0x0095CD36]
	(No symbol) [0x0092BD29]
	(No symbol) [0x0092D064]
	GetHandleVerifier [0x00D9B143+3215603]
	GetHandleVerifier [0x00DB22BA+3310186]
	GetHandleVerifier [0x00DAC4D2+3286146]
	GetHandleVerifier [0x00B29C80+654384]
	(No symbol) [0x00A245BD]
	(No symbol) [0x00A214A8]
	(No symbol) [0x00A21647]
	(No symbol) [0x00A13D20]
	BaseThreadInitThunk [0x76A75D49+25]
	RtlInitializeExceptionChain [0x775DCDEB+107]
	RtlGetAppContainerNamedObjectPath [0x775DCD71+561]

2025-02-20 20:48:20 | INFO | Added today's job: Middleware is hiring for Frontend Engineer | Gurugram
2025-02-20 20:48:21 | INFO | Processing job detail page: https://www.jobfound.org/job/amazatic-solutions-is-hiring-for-reactjs-developer-or-maharashtra-frontend-development
2025-02-20 20:48:29 | WARNING | Error getting apply link: Message: element click intercepted: Element <button class="justify-center whitespace-nowrap ring-offset-background focus-visible:outline-none focus-visible:ring-2 focus-visible:ring-ring focus-visible:ring-offset-2 disabled:pointer-events-none disabled:opacity-50 h-11 bg-blue-600 hover:bg-blue-700 text-white font-semibold px-6 py-4 text-lg rounded-full transition-all duration-200 hover:scale-105 hover:shadow-lg flex items-center gap-2 group">...</button> is not clickable at point (377, 912). Other element would receive the click: <div id="aswift_10_host" style="border: none !important; height: 124px !important; width: 100% !important; margin: 0px !important; padding: 0px !important; position: relative !important; visibility: visible !important; background-color: transparent !important; display: inline-block !important; inset: auto !important; clear: none !important; float: none !important; max-height: none !important; max-width: none !important; opacity: 1 !important; overflow: visible !important; vertical-align: baseline !important; z-index: auto !important;">...</div>
  (Session info: chrome=133.0.6943.98)
Stacktrace:
	GetHandleVerifier [0x00A90283+25139]
	(No symbol) [0x00A1B234]
	(No symbol) [0x008F04A3]
	(No symbol) [0x0093E5D0]
	(No symbol) [0x0093C984]
	(No symbol) [0x0093A517]
	(No symbol) [0x009397D4]
	(No symbol) [0x0092DE55]
	(No symbol) [0x0095CF3C]
	(No symbol) [0x0092D8E4]
	(No symbol) [0x0095D1B4]
	(No symbol) [0x0097E6E1]
	(No symbol) [0x0095CD36]
	(No symbol) [0x0092BD29]
	(No symbol) [0x0092D064]
	GetHandleVerifier [0x00D9B143+3215603]
	GetHandleVerifier [0x00DB22BA+3310186]
	GetHandleVerifier [0x00DAC4D2+3286146]
	GetHandleVerifier [0x00B29C80+654384]
	(No symbol) [0x00A245BD]
	(No symbol) [0x00A214A8]
	(No symbol) [0x00A21647]
	(No symbol) [0x00A13D20]
	BaseThreadInitThunk [0x76A75D49+25]
	RtlInitializeExceptionChain [0x775DCDEB+107]
	RtlGetAppContainerNamedObjectPath [0x775DCD71+561]

2025-02-20 20:48:29 | INFO | Added yesterday's job: Amazatic Solutions is hiring for React.js Developer | Maharashtra
2025-02-20 20:48:30 | INFO | Processing job detail page: https://www.jobfound.org/job/zeta-is-hiring-for-software-development-engineer-i-frontend-or-bangalore-frontend-development
2025-02-20 20:48:37 | WARNING | Error getting apply link: Message: element click intercepted: Element <button class="justify-center whitespace-nowrap ring-offset-background focus-visible:outline-none focus-visible:ring-2 focus-visible:ring-ring focus-visible:ring-offset-2 disabled:pointer-events-none disabled:opacity-50 h-11 bg-blue-600 hover:bg-blue-700 text-white font-semibold px-6 py-4 text-lg rounded-full transition-all duration-200 hover:scale-105 hover:shadow-lg flex items-center gap-2 group">...</button> is not clickable at point (377, 912). Other element would receive the click: <div id="aswift_10_host" style="border: none !important; height: 124px !important; width: 100% !important; margin: 0px !important; padding: 0px !important; position: relative !important; visibility: visible !important; background-color: transparent !important; display: inline-block !important; inset: auto !important; clear: none !important; float: none !important; max-height: none !important; max-width: none !important; opacity: 1 !important; overflow: visible !important; vertical-align: baseline !important; z-index: auto !important;">...</div>
  (Session info: chrome=133.0.6943.98)
Stacktrace:
	GetHandleVerifier [0x00A90283+25139]
	(No symbol) [0x00A1B234]
	(No symbol) [0x008F04A3]
	(No symbol) [0x0093E5D0]
	(No symbol) [0x0093C984]
	(No symbol) [0x0093A517]
	(No symbol) [0x009397D4]
	(No symbol) [0x0092DE55]
	(No symbol) [0x0095CF3C]
	(No symbol) [0x0092D8E4]
	(No symbol) [0x0095D1B4]
	(No symbol) [0x0097E6E1]
	(No symbol) [0x0095CD36]
	(No symbol) [0x0092BD29]
	(No symbol) [0x0092D064]
	GetHandleVerifier [0x00D9B143+3215603]
	GetHandleVerifier [0x00DB22BA+3310186]
	GetHandleVerifier [0x00DAC4D2+3286146]
	GetHandleVerifier [0x00B29C80+654384]
	(No symbol) [0x00A245BD]
	(No symbol) [0x00A214A8]
	(No symbol) [0x00A21647]
	(No symbol) [0x00A13D20]
	BaseThreadInitThunk [0x76A75D49+25]
	RtlInitializeExceptionChain [0x775DCDEB+107]
	RtlGetAppContainerNamedObjectPath [0x775DCD71+561]

2025-02-20 20:48:37 | INFO | Added yesterday's job: Zeta is hiring for Software Development Engineer I - Frontend | Bangalore
2025-02-20 20:48:38 | INFO | Processing job detail page: https://www.jobfound.org/job/all-commerce-is-hiring-for-frontend-developer-react-or-bangalore-frontend-development
2025-02-20 20:48:45 | INFO | Found apply link: https://cutshort.io/job/Frontend-Developer-React-Bengaluru-Bangalore-All-Commerce-k0O0kUas?applicationsource=linkedin-feed
2025-02-20 20:48:45 | INFO | Added yesterday's job: All Commerce is hiring for Frontend Developer (React) | Bangalore
2025-02-20 20:48:46 | INFO | Processing job detail page: https://www.jobfound.org/job/jelly-card-is-hiring-for-software-development-engineer-intern-or-freshers-software-engineer
2025-02-20 20:48:54 | WARNING | Error getting apply link: Message: element click intercepted: Element <button class="justify-center whitespace-nowrap ring-offset-background focus-visible:outline-none focus-visible:ring-2 focus-visible:ring-ring focus-visible:ring-offset-2 disabled:pointer-events-none disabled:opacity-50 h-11 bg-blue-600 hover:bg-blue-700 text-white font-semibold px-6 py-4 text-lg rounded-full transition-all duration-200 hover:scale-105 hover:shadow-lg flex items-center gap-2 group">...</button> is not clickable at point (377, 912). Other element would receive the click: <div id="aswift_10_host" style="border: none !important; height: 124px !important; width: 100% !important; margin: 0px !important; padding: 0px !important; position: relative !important; visibility: visible !important; background-color: transparent !important; display: inline-block !important; inset: auto !important; clear: none !important; float: none !important; max-height: none !important; max-width: none !important; opacity: 1 !important; overflow: visible !important; vertical-align: baseline !important; z-index: auto !important;">...</div>
  (Session info: chrome=133.0.6943.98)
Stacktrace:
	GetHandleVerifier [0x00A90283+25139]
	(No symbol) [0x00A1B234]
	(No symbol) [0x008F04A3]
	(No symbol) [0x0093E5D0]
	(No symbol) [0x0093C984]
	(No symbol) [0x0093A517]
	(No symbol) [0x009397D4]
	(No symbol) [0x0092DE55]
	(No symbol) [0x0095CF3C]
	(No symbol) [0x0092D8E4]
	(No symbol) [0x0095D1B4]
	(No symbol) [0x0097E6E1]
	(No symbol) [0x0095CD36]
	(No symbol) [0x0092BD29]
	(No symbol) [0x0092D064]
	GetHandleVerifier [0x00D9B143+3215603]
	GetHandleVerifier [0x00DB22BA+3310186]
	GetHandleVerifier [0x00DAC4D2+3286146]
	GetHandleVerifier [0x00B29C80+654384]
	(No symbol) [0x00A245BD]
	(No symbol) [0x00A214A8]
	(No symbol) [0x00A21647]
	(No symbol) [0x00A13D20]
	BaseThreadInitThunk [0x76A75D49+25]
	RtlInitializeExceptionChain [0x775DCDEB+107]
	RtlGetAppContainerNamedObjectPath [0x775DCD71+561]

2025-02-20 20:48:54 | INFO | Added yesterday's job: Jelly Card is hiring for Software Development Engineer Intern | Freshers
2025-02-20 20:48:55 | INFO | Processing job detail page: https://www.jobfound.org/job/plaza-is-hiring-for-frontend-developer-or-remote-frontend-development
2025-02-20 20:49:03 | INFO | Found apply link: https://cutshort.io/job/Frontend-Developer-NCR-Delhi-Gurgaon-Noida-Bengaluru-Bangalore-Plaza-qy7lE3Bk?applicationsource=linkedin-feed
2025-02-20 20:49:03 | INFO | Added yesterday's job: Plaza is hiring for Frontend Developer | Remote
2025-02-20 20:49:04 | INFO | Processing job detail page: https://www.jobfound.org/job/supr-infotech-solutions-is-hiring-for-software-engineer-or-remote-software-engineer
2025-02-20 20:49:11 | INFO | Found apply link: https://cutshort.io/job/Software-Engineer-Bengaluru-Bangalore-Supr-Daily-grcgn5Le?applicationsource=linkedin-feed
2025-02-20 20:49:11 | INFO | Added yesterday's job: Supr Infotech Solutions is hiring for Software Engineer | Remote
2025-02-20 20:49:12 | INFO | Processing job detail page: https://www.jobfound.org/job/apna-is-hiring-for-full-stack-engineer-or-bengaluru
2025-02-20 20:49:21 | INFO | Found apply link: https://www.linkedin.com/jobs/view/4158455722/?alternateChannel=search
2025-02-20 20:49:21 | INFO | Added yesterday's job: Apna is hiring for Full Stack Engineer | Bengaluru
2025-02-20 20:49:22 | INFO | Processing job detail page: https://www.jobfound.org/job/kinesiis-system-inc-is-hiring-for-fullstack-developer-or-pune-full-stack-development
2025-02-20 20:49:34 | INFO | Found apply link: https://cuvette.tech/app/public/job/67b48350ee3355bbf3c9755a?referralCode=FHZR3S
2025-02-20 20:49:34 | INFO | Added yesterday's job: Kinesiis System Inc is hiring for Fullstack Developer | Pune
2025-02-20 20:49:35 | INFO | Processing job detail page: https://www.jobfound.org/job/rubrik-software-is-hiring-for-software-engineer-ui-or-bangalore-frontend-development
2025-02-20 20:49:42 | INFO | Found apply link: https://www.rubrik.com/company/careers/departments/job.6625591?gh_jid=6625591&gh_src=2e352a8a1us
2025-02-20 20:49:43 | INFO | Added yesterday's job: Rubrik Software is hiring for Software Engineer - UI | Bangalore
2025-02-20 20:49:44 | INFO | Processing job detail page: https://www.jobfound.org/job/quicko-is-hiring-for-full-stack-developer-or-ahmedabad-full-stack-development
2025-02-20 20:49:54 | INFO | Found apply link: https://quicko.zohorecruit.in/jobs/Careers/166130000000330094/Full-Stack-Developer?source=LinkedIn-Basic&embedsource=LinkedIn+Limited+Listings
2025-02-20 20:49:54 | INFO | Added yesterday's job: Quicko is hiring for Full Stack Developer | Ahmedabad
2025-02-20 20:49:55 | INFO | Processing job detail page: https://www.jobfound.org/job/greyorange-is-hiring-for-engineer-software-development-or-gurgaon-software-engineer
2025-02-20 20:50:05 | INFO | Found apply link: https://portal.turbohire.co/job/publicjobs/1dUzhMe2tYOz9jTRiOZUBM33ka%2Fun53FScvmJpVnk3mMgrCrek2IK3sq6qeQ9mlI?so=li
2025-02-20 20:50:05 | INFO | Added yesterday's job: GreyOrange is hiring for Engineer - Software Development | Gurgaon
2025-02-20 20:50:06 | INFO | Processing job detail page: https://www.jobfound.org/job/unacademy-is-hiring-for-frontend-engineer
2025-02-20 20:50:13 | INFO | Found apply link: https://www.linkedin.com/jobs/view/4156897621/?alternateChannel=search
2025-02-20 20:50:13 | INFO | Added yesterday's job: Unacademy is hiring for Frontend Engineer | Bangalore
2025-02-20 20:50:14 | INFO | Processing job detail page: https://www.jobfound.org/job/target-is-hiring-for-engineer-frontend-or-bangalore-software-engineer
2025-02-20 20:50:15 | INFO | Popup dismissed
2025-02-20 20:50:17 | INFO | Found apply link: https://cuvette.tech/app/other-jobs/67b573d1a1edb46758611732?referralCode=FHZR3S
2025-02-20 20:50:17 | INFO | Added yesterday's job: Target is hiring for Engineer -Frontend | Bangalore
2025-02-20 20:50:18 | INFO | Reached target of 20 jobs. Stopping collection.
2025-02-20 20:50:18 | INFO | Successfully scraped 20 jobs (Today: 7, Yesterday: 13)
2025-02-20 20:50:21 | INFO | Function scrape_jobs took 261.12 seconds
2025-02-20 20:50:21 | INFO | Found 20 jobs from scraping
2025-02-20 20:50:21 | INFO | Storing jobs in database...
2025-02-20 20:50:21 | INFO | Found 15 new jobs to store
2025-02-20 20:50:21 | INFO | Attempting to store 15 jobs
2025-02-20 20:50:21 | INFO | Prepared job for storage: Myntra is hiring for Software Engineer-Java Backend (2024 Passouts) | Freshers
2025-02-20 20:50:21 | INFO | Prepared job for storage: Credit Saison Finance Pvt Ltd is hiring for Software Developer | Remote
2025-02-20 20:50:21 | INFO | Prepared job for storage: One97 Communications Limited is hiring for Frontend - Software Engineer| Noida
2025-02-20 20:50:21 | INFO | Prepared job for storage: CallHub is hiring for Software Development Engineering Intern | Bangalore
2025-02-20 20:50:21 | INFO | Prepared job for storage: OpsLyft is hiring for Backend SDE Intern | Noida
2025-02-20 20:50:21 | INFO | Prepared job for storage: 100ms Inc is hiring for Software Developer | Bengaluru
2025-02-20 20:50:21 | INFO | Prepared job for storage: Middleware is hiring for Frontend Engineer | Gurugram
2025-02-20 20:50:21 | INFO | Prepared job for storage: Amazatic Solutions is hiring for React.js Developer | Maharashtra
2025-02-20 20:50:21 | INFO | Prepared job for storage: Zeta is hiring for Software Development Engineer I - Frontend | Bangalore
2025-02-20 20:50:21 | INFO | Prepared job for storage: All Commerce is hiring for Frontend Developer (React) | Bangalore
2025-02-20 20:50:21 | INFO | Prepared job for storage: Jelly Card is hiring for Software Development Engineer Intern | Freshers
2025-02-20 20:50:21 | INFO | Prepared job for storage: Plaza is hiring for Frontend Developer | Remote
2025-02-20 20:50:21 | INFO | Prepared job for storage: Supr Infotech Solutions is hiring for Software Engineer | Remote
2025-02-20 20:50:21 | INFO | Prepared job for storage: Apna is hiring for Full Stack Engineer | Bengaluru
2025-02-20 20:50:21 | INFO | Prepared job for storage: Kinesiis System Inc is hiring for Fullstack Developer | Pune
2025-02-20 20:50:21 | INFO | Successfully stored 15 jobs
2025-02-20 20:50:21 | INFO | Successfully stored 15 new jobs
2025-02-20 20:50:26 | INFO | Email sent successfully to prasanthranger09@gmail.com
2025-02-20 20:50:26 | INFO | Function scrape_and_process_jobs took 266.17 seconds
2025-02-20 22:56:41 | INFO | Starting up the application...
2025-02-20 22:56:41 | INFO | Scheduled job scraping for 20:46
2025-02-20 22:56:41 | INFO | Scheduler initialized successfully
2025-02-20 22:56:41 | INFO | Application startup completed successfully
