2025-02-17 23:05:17 | INFO | Starting up the application...
2025-02-17 23:05:17 | INFO | Scheduled job scraping for 10:30
2025-02-17 23:05:17 | INFO | Scheduler initialized successfully
2025-02-17 23:05:17 | INFO | Application startup completed successfully
2025-02-17 23:07:42 | INFO | Starting job scraping at 2025-02-17 23:07:42.974791
2025-02-17 23:07:42 | INFO | Starting job scraping...
2025-02-17 23:07:45 | INFO | Accessing https://www.jobfound.org/
2025-02-17 23:07:52 | INFO | Collecting job URLs...
2025-02-17 23:08:22 | INFO | Found 600 job URLs
2025-02-17 23:08:22 | INFO | Processing job detail page: https://www.jobfound.org/job/zupee-is-hiring-for-full-stack-intern-or-gurugram-software-engineer
2025-02-17 23:08:31 | INFO | Found apply link: https://www.linkedin.com/jobs/view/4152756474/?alternateChannel=search
2025-02-17 23:08:31 | INFO | Added today's job: Zupee is hiring for Full Stack Intern | Gurugram
2025-02-17 23:08:32 | INFO | Processing job detail page: https://www.jobfound.org/job/shopout-is-hiring-for-machine-learning-engineer-intern-or-remote-machine-learning-data-science
2025-02-17 23:08:42 | INFO | Found apply link: https://cuvette.tech/app/public/internship/67b2eaa8e05b6b050c4658b6?referralCode=FHZR3S
2025-02-17 23:08:42 | INFO | Added today's job: ShopOut is hiring for Machine Learning Engineer Intern | Remote
2025-02-17 23:08:43 | INFO | Processing job detail page: https://www.jobfound.org/job/codehers-2025-unlock-opportunities-with-walmart-global-tech-or-pre-placement-interviews-software-engineer
2025-02-17 23:08:45 | INFO | Popup dismissed
2025-02-17 23:08:46 | INFO | Found apply link: https://unstop.com/competitions/codehers-2025-walmart-global-tech-india-1372066?lb=OVPecQB&utm_medium=Share&utm_source=shortUrl
2025-02-17 23:08:46 | INFO | Added today's job: CodeHers 2025: Unlock Opportunities with Walmart Global Tech | Pre-Placement Interviews
2025-02-17 23:08:47 | INFO | Processing job detail page: https://www.jobfound.org/job/vahan-is-hiring-for-software-developer-intern-or-bangalore-software-engineer
2025-02-17 23:08:59 | INFO | Found apply link: https://vahan.hire.trakstar.com/jobs/fk0p7oh
2025-02-17 23:08:59 | INFO | Added today's job: Vahan is hiring for Software Developer Intern | Bangalore
2025-02-17 23:09:00 | INFO | Processing job detail page: https://www.jobfound.org/job/navi-is-hiring-for-ui-engineer-1-or-bengaluru-frontend-development
2025-02-17 23:09:01 | INFO | Popup dismissed
2025-02-17 23:09:03 | INFO | Found apply link: https://www.linkedin.com/jobs/view/4156151004/?alternateChannel=search
2025-02-17 23:09:03 | INFO | Added today's job: Navi is hiring for UI Engineer - 1 | Bengaluru
2025-02-17 23:09:04 | INFO | Processing job detail page: https://www.jobfound.org/job/fancode-is-hiring-for-sde-1-frontend-or-mumbai-frontend-development
2025-02-17 23:09:05 | INFO | Popup dismissed
2025-02-17 23:09:10 | INFO | Found apply link: https://jobs.lever.co/dreamsports/19599e76-a11c-4c5d-a0b7-afad73645fcb
2025-02-17 23:09:10 | INFO | Added today's job: FanCode is hiring for SDE 1 - Frontend | Mumbai
2025-02-17 23:09:11 | INFO | Processing job detail page: https://www.jobfound.org/job/314e-corporation-is-hiring-for-associate-software-engineer-or-greater-bengaluru-area-software-engineer
2025-02-17 23:09:19 | INFO | Found apply link: https://www.linkedin.com/jobs/view/4157161311/?alternateChannel=search
2025-02-17 23:09:19 | INFO | Added today's job: 314e Corporation is hiring for Associate Software Engineer | Greater Bengaluru Area
2025-02-17 23:09:20 | INFO | Processing job detail page: https://www.jobfound.org/job/google-is-hiring-for-web-solutions-engineer-or-bangalore-hyderabad-software-engineer
2025-02-17 23:09:27 | INFO | Found apply link: https://cuvette.tech/app/other-jobs/67b2c250bf4e863873e1e2e8?referralCode=FHZR3S
2025-02-17 23:09:27 | INFO | Added today's job: Google is hiring for Web Solutions Engineer | Bangalore, Hyderabad
2025-02-17 23:09:28 | INFO | Processing job detail page: https://www.jobfound.org/job/opengig-is-hiring-for-sde-intern-or-freshers-software-engineer
2025-02-17 23:09:29 | INFO | Popup dismissed
2025-02-17 23:09:31 | INFO | Found apply link: https://docs.google.com/forms/d/e/1FAIpQLSf2FGwXvHgvJFLK2Fxlh120qK0-36-1BeZaF2A33ViQCDvVlQ/viewform
2025-02-17 23:09:32 | INFO | Added today's job: OpenGig is hiring for SDE Intern | Freshers
2025-02-17 23:09:33 | INFO | Processing job detail page: https://www.jobfound.org/job/stats-perform-is-hiring-for-software-engineer-i-or-bangalore-software-engineer
2025-02-17 23:09:41 | INFO | Found apply link: https://eobe.fa.em2.oraclecloud.com/hcmUI/CandidateExperience/en/sites/CX_1001/job/585
2025-02-17 23:09:41 | INFO | Added today's job: Stats Perform is hiring for Software Engineer I | Bangalore
2025-02-17 23:09:42 | INFO | Processing job detail page: https://www.jobfound.org/job/wabtec-is-hiring-for-intern-engineering-or-freshers-software-engineer
2025-02-17 23:09:43 | INFO | Popup dismissed
2025-02-17 23:09:48 | INFO | Found apply link: https://wabtec.wd1.myworkdayjobs.com/wabtec_careers/job/Bengaluru-India/Intern---Engineering_R0094415?source=KrishanKumarLinkedin
2025-02-17 23:09:48 | INFO | Added today's job: Wabtec is hiring for Intern - Engineering | Freshers
2025-02-17 23:09:49 | INFO | Processing job detail page: https://www.jobfound.org/job/klenty-is-hiring-for-mern-stack-developer-or-apply-now-software-engineer
2025-02-17 23:09:56 | INFO | Found apply link: https://cutshort.io/job/MERN-Stack-Developer-Chennai-Klenty-India-Pvt-Ltd-2iQiyr7Z?applicationsource=linkedin-feed
2025-02-17 23:09:57 | INFO | Added today's job: Klenty is hiring for MERN Stack Developer | Apply Now
2025-02-17 23:09:58 | INFO | Processing job detail page: https://www.jobfound.org/job/capital-one-is-hiring-for-software-engineering-intern-freshers
2025-02-17 23:10:09 | INFO | Found apply link: https://www.capitalonecareers.com/job/-/-/1732/77412876064
2025-02-17 23:10:09 | INFO | Added yesterday's job: Capital One is hiring for Software Engineering Intern | Bengaluru
2025-02-17 23:10:10 | INFO | Processing job detail page: https://www.jobfound.org/job/ibm-is-hiring-for-hardware-software-summer-intern-or-freshers-software-engineer
2025-02-17 23:10:20 | INFO | Found apply link: https://login.ibm.com/authsvc/mtfim/sps/authsvc?PolicyId=urn:ibm:security:authentication:asf:basicldapuser&Target=https%3A%2F%2Flogin.ibm.com%2Fsaml%2Fsps%2Fauth
2025-02-17 23:10:20 | INFO | Added yesterday's job: IBM is hiring for Hardware/Software Summer Intern | Freshers
2025-02-17 23:10:21 | INFO | Processing job detail page: https://www.jobfound.org/job/quorum-software-is-hiring-for-software-engineer-i-or-remote-software-engineer
2025-02-17 23:10:30 | INFO | Found apply link: https://portal.dynamicsats.com/JobListing/Details/be9c621a-ba9d-41b6-bc7b-917d59117a03/7fba5b1f-a1cf-ef11-b8e8-7c1e521c6793
2025-02-17 23:10:30 | INFO | Added yesterday's job: Quorum Software is hiring for Software Engineer I | Remote
2025-02-17 23:10:31 | INFO | Processing job detail page: https://www.jobfound.org/job/code-clash-2025-the-ultimate-coding-battle-dsa-challenge-or-cash-prizes-or-certificates-software-engineer
2025-02-17 23:10:37 | INFO | Found apply link: https://unstop.com/hackathons/code-clash-2025-the-ultimate-coding-battle-lets-code-community-1393231?lb=OVPecQB&utm_medium=Share&utm_source=shortUrl
2025-02-17 23:10:38 | INFO | Added yesterday's job: Code Clash 2025 – The Ultimate Coding Battle! DSA Challenge | Cash Prizes | Certificates
2025-02-17 23:10:39 | INFO | Processing job detail page: https://www.jobfound.org/job/eqvista-is-hiring-for-junior-software-engineer-or-new-delhi-software-engineer
2025-02-17 23:10:39 | INFO | Popup dismissed
2025-02-17 23:10:41 | INFO | Found apply link: https://www.linkedin.com/login?session_redirect=https%3A%2F%2Fwww%2Elinkedin%2Ecom%2Fjobs-guest%2Fjobs%2Fview%2F4149777605%2F%3FmidToken%3DAQFmEzdg4GRMRw%26midSig%3D1hHj5u2Ay9rbE1%26trkEmail%3Deml-jobs_jymbii_digest-job_card-0-company_logo-null-dvuew4%7Em775n9kc%7E9w-null-null%26eid%3Ddvuew4-m775n9kc-9w%26otpToken%3DMWEwNjE3ZTUxNjI5Y2FjMmIwMjQwNGVkNDUxN2UxYmM4ZWM2ZDM0MjlmYWU4ZTYxNzljNzA4Njc0ZjU5NTlmYWYyZDFkZmE2NWJlY2MzZTc2N2YyYTlmNmQ5MjQ4ZWI5Zjg3YmRiZjIxYWMyN2VjYTdiNTk3NCwxLDE%253D%26midToken%3DAQFmEzdg4GRMRw&fromSignIn=true
2025-02-17 23:10:41 | INFO | Added yesterday's job: Eqvista is hiring for Junior Software Engineer | New Delhi
2025-02-17 23:10:42 | INFO | Processing job detail page: https://www.jobfound.org/job/wits-innovation-lab-is-hiring-for-node-js-developer-or-punjab-backend-development
2025-02-17 23:10:48 | INFO | Found apply link: https://in.indeed.com/viewjob?cmp=WITS-INNOVATION-LAB&t=Developer&jk=422ad732ef7a7470&q=front+end+developer&xpse=SoDQ67I31GmSzkzZmB0LbzkdCdPP&xfps=752bece0-9516-4068-a7ad-830e5372cfd8&xkcb=SoA667M31GmVAJWOF50KbzkdCdPP&vjs=3
2025-02-17 23:10:49 | INFO | Added yesterday's job: Wits innovation Lab is hiring for Node js developer | Punjab
2025-02-17 23:10:50 | INFO | Processing job detail page: https://www.jobfound.org/job/isa-is-hiring-for-associate-software-engineer
2025-02-17 23:10:58 | INFO | Found apply link: https://careers.airarabia.com/ISA/job/Bangalore-Associate-Software-Engineer/731365922/?src=Linkedin
2025-02-17 23:10:59 | INFO | Added yesterday's job: ISA is hiring for Associate Software Engineer | Bangalore
2025-02-17 23:11:00 | INFO | Processing job detail page: https://www.jobfound.org/job/oracle-is-hiring-for-software-developer-1
2025-02-17 23:11:09 | INFO | Found apply link: https://eeho.fa.us2.oraclecloud.com/hcmUI/CandidateExperience/en/sites/jobsearch/job/270677
2025-02-17 23:11:09 | INFO | Added yesterday's job: Oracle is hiring for Software Developer 1 | Multiple Locations
2025-02-17 23:11:10 | INFO | Reached target of 20 jobs. Stopping collection.
2025-02-17 23:11:10 | INFO | Successfully scraped 20 jobs (Today: 12, Yesterday: 8)
2025-02-17 23:11:13 | INFO | Function scrape_jobs took 210.48 seconds
2025-02-17 23:11:13 | INFO | Found 20 jobs from scraping
2025-02-17 23:11:13 | INFO | Storing jobs in database...
2025-02-17 23:11:13 | INFO | Found 12 new jobs to store
2025-02-17 23:11:13 | INFO | Attempting to store 12 jobs
2025-02-17 23:11:13 | INFO | Prepared job for storage: Zupee is hiring for Full Stack Intern | Gurugram
2025-02-17 23:11:13 | INFO | Prepared job for storage: ShopOut is hiring for Machine Learning Engineer Intern | Remote
2025-02-17 23:11:13 | INFO | Prepared job for storage: CodeHers 2025: Unlock Opportunities with Walmart Global Tech | Pre-Placement Interviews
2025-02-17 23:11:13 | INFO | Prepared job for storage: Vahan is hiring for Software Developer Intern | Bangalore
2025-02-17 23:11:13 | INFO | Prepared job for storage: Navi is hiring for UI Engineer - 1 | Bengaluru
2025-02-17 23:11:13 | INFO | Prepared job for storage: FanCode is hiring for SDE 1 - Frontend | Mumbai
2025-02-17 23:11:13 | INFO | Prepared job for storage: 314e Corporation is hiring for Associate Software Engineer | Greater Bengaluru Area
2025-02-17 23:11:13 | INFO | Prepared job for storage: Google is hiring for Web Solutions Engineer | Bangalore, Hyderabad
2025-02-17 23:11:13 | INFO | Prepared job for storage: OpenGig is hiring for SDE Intern | Freshers
2025-02-17 23:11:13 | INFO | Prepared job for storage: Stats Perform is hiring for Software Engineer I | Bangalore
2025-02-17 23:11:13 | INFO | Prepared job for storage: Wabtec is hiring for Intern - Engineering | Freshers
2025-02-17 23:11:13 | INFO | Prepared job for storage: Klenty is hiring for MERN Stack Developer | Apply Now
2025-02-17 23:11:13 | INFO | Successfully stored 12 jobs
2025-02-17 23:11:13 | INFO | Successfully stored 12 new jobs
2025-02-17 23:11:18 | INFO | Email sent successfully to prasanthranger09@gmail.com
2025-02-17 23:11:18 | INFO | Function scrape_and_process_jobs took 215.30 seconds
2025-02-18 00:22:28 | INFO | Shutting down the application...
2025-02-18 00:22:28 | INFO | Application shutdown completed successfully
2025-02-18 00:24:13 | INFO | Starting up the application...
2025-02-18 00:24:13 | INFO | Scheduled job scraping for 10:30
2025-02-18 00:24:13 | INFO | Scheduler initialized successfully
2025-02-18 00:24:13 | INFO | Application startup completed successfully
2025-02-18 00:39:13 | INFO | Starting up the application...
2025-02-18 00:39:13 | INFO | Scheduled job scraping for 10:30
2025-02-18 00:39:13 | INFO | Scheduler initialized successfully
2025-02-18 00:39:13 | INFO | Application startup completed successfully
2025-02-18 00:46:55 | INFO | Shutting down the application...
2025-02-18 00:46:55 | INFO | Application shutdown completed successfully
2025-02-18 00:46:59 | INFO | Starting up the application...
2025-02-18 00:46:59 | INFO | Scheduled job scraping for 10:30
2025-02-18 00:46:59 | INFO | Scheduler initialized successfully
2025-02-18 00:46:59 | INFO | Application startup completed successfully
2025-02-18 01:07:36 | INFO | Shutting down the application...
2025-02-18 01:07:36 | INFO | Application shutdown completed successfully
2025-02-18 01:07:41 | INFO | Starting up the application...
2025-02-18 01:07:41 | INFO | Scheduled job scraping for 10:30
2025-02-18 01:07:41 | INFO | Scheduler initialized successfully
2025-02-18 01:07:41 | INFO | Application startup completed successfully
2025-02-18 01:08:31 | INFO | Shutting down the application...
2025-02-18 01:08:31 | INFO | Application shutdown completed successfully
2025-02-18 01:08:36 | INFO | Starting up the application...
2025-02-18 01:08:36 | INFO | Scheduled job scraping for 10:30
2025-02-18 01:08:36 | INFO | Scheduler initialized successfully
2025-02-18 01:08:36 | INFO | Application startup completed successfully
2025-02-18 01:14:30 | INFO | Shutting down the application...
2025-02-18 01:14:30 | INFO | Application shutdown completed successfully
2025-02-18 01:14:34 | INFO | Starting up the application...
2025-02-18 01:14:34 | INFO | Scheduled job scraping for 10:30
2025-02-18 01:14:34 | INFO | Scheduler initialized successfully
2025-02-18 01:14:34 | INFO | Application startup completed successfully
2025-02-18 01:27:44 | INFO | Shutting down the application...
2025-02-18 01:27:44 | INFO | Application shutdown completed successfully
2025-02-18 01:27:49 | INFO | Starting up the application...
2025-02-18 01:27:49 | INFO | Scheduled job scraping for 10:30
2025-02-18 01:27:49 | INFO | Scheduler initialized successfully
2025-02-18 01:27:49 | INFO | Application startup completed successfully
2025-02-18 01:28:46 | INFO | Shutting down the application...
2025-02-18 01:28:46 | INFO | Application shutdown completed successfully
2025-02-18 01:28:50 | INFO | Starting up the application...
2025-02-18 01:28:50 | INFO | Scheduled job scraping for 10:30
2025-02-18 01:28:50 | INFO | Scheduler initialized successfully
2025-02-18 01:28:50 | INFO | Application startup completed successfully
2025-02-18 01:29:56 | INFO | Shutting down the application...
2025-02-18 01:29:56 | INFO | Application shutdown completed successfully
2025-02-18 01:30:00 | INFO | Starting up the application...
2025-02-18 01:30:00 | INFO | Scheduled job scraping for 10:30
2025-02-18 01:30:00 | INFO | Scheduler initialized successfully
2025-02-18 01:30:00 | INFO | Application startup completed successfully
2025-02-18 01:30:04 | ERROR | Error getting scraping history: Column expression, FROM clause, or other columns clause element expected, got <class 'app.schemas.stats.ScrapingHistory'>.
2025-02-18 01:30:12 | ERROR | Error getting scraping history: Column expression, FROM clause, or other columns clause element expected, got <class 'app.schemas.stats.ScrapingHistory'>.
2025-02-18 01:31:37 | INFO | Shutting down the application...
2025-02-18 01:31:37 | INFO | Application shutdown completed successfully
2025-02-18 01:31:42 | INFO | Starting up the application...
2025-02-18 01:31:42 | INFO | Scheduled job scraping for 10:30
2025-02-18 01:31:42 | INFO | Scheduler initialized successfully
2025-02-18 01:31:42 | INFO | Application startup completed successfully
2025-02-18 01:31:42 | ERROR | Error getting scraping history: 'str' object has no attribute 'isoformat'
2025-02-18 01:31:45 | ERROR | Error getting scraping history: 'str' object has no attribute 'isoformat'
2025-02-18 01:31:51 | ERROR | Error getting scraping history: 'str' object has no attribute 'isoformat'
2025-02-18 01:33:38 | INFO | Shutting down the application...
2025-02-18 01:33:38 | INFO | Application shutdown completed successfully
2025-02-18 01:33:43 | INFO | Starting up the application...
2025-02-18 01:33:43 | INFO | Scheduled job scraping for 10:30
2025-02-18 01:33:43 | INFO | Scheduler initialized successfully
2025-02-18 01:33:43 | INFO | Application startup completed successfully
2025-02-18 01:34:30 | INFO | Shutting down the application...
2025-02-18 01:34:30 | INFO | Application shutdown completed successfully
2025-02-18 01:34:35 | INFO | Starting up the application...
2025-02-18 01:34:35 | INFO | Scheduled job scraping for 10:30
2025-02-18 01:34:35 | INFO | Scheduler initialized successfully
2025-02-18 01:34:35 | INFO | Application startup completed successfully
2025-02-18 01:35:45 | INFO | Shutting down the application...
2025-02-18 01:35:45 | INFO | Application shutdown completed successfully
2025-02-18 01:35:50 | INFO | Starting up the application...
2025-02-18 01:35:50 | INFO | Scheduled job scraping for 10:30
2025-02-18 01:35:50 | INFO | Scheduler initialized successfully
2025-02-18 01:35:50 | INFO | Application startup completed successfully
2025-02-18 06:41:09 | INFO | Shutting down the application...
2025-02-18 06:41:09 | INFO | Application shutdown completed successfully
2025-02-18 06:41:13 | INFO | Starting up the application...
2025-02-18 06:41:13 | INFO | Scheduled job scraping for 10:30
2025-02-18 06:41:13 | INFO | Scheduler initialized successfully
2025-02-18 06:41:13 | INFO | Application startup completed successfully
2025-02-18 06:42:22 | INFO | Starting job scraping at 2025-02-18 06:42:22.567703
2025-02-18 06:42:22 | INFO | Starting job scraping...
2025-02-18 06:42:31 | INFO | Accessing https://www.jobfound.org/
2025-02-18 06:42:40 | INFO | Collecting job URLs...
2025-02-18 06:43:07 | INFO | Found 600 job URLs
2025-02-18 06:43:07 | INFO | Processing job detail page: https://www.jobfound.org/job/tisac-is-hiring-for-frontend-developer-intern-or-remote-software-engineer
2025-02-18 06:43:09 | INFO | Popup dismissed
2025-02-18 06:43:10 | INFO | Found apply link: https://www.linkedin.com/jobs/view/4156147823/?alternateChannel=search
2025-02-18 06:43:10 | INFO | Added yesterday's job: Tisac is hiring for Frontend Developer Intern | Remote
2025-02-18 06:43:11 | INFO | Processing job detail page: https://www.jobfound.org/job/zupee-is-hiring-for-full-stack-intern-or-gurugram-software-engineer
2025-02-18 06:43:19 | INFO | Found apply link: https://www.linkedin.com/jobs/view/4152756474/?alternateChannel=search
2025-02-18 06:43:19 | INFO | Added yesterday's job: Zupee is hiring for Full Stack Intern | Gurugram
2025-02-18 06:43:20 | INFO | Processing job detail page: https://www.jobfound.org/job/shopout-is-hiring-for-machine-learning-engineer-intern-or-remote-machine-learning-data-science
2025-02-18 06:43:31 | INFO | Found apply link: https://cuvette.tech/app/public/internship/67b2eaa8e05b6b050c4658b6?referralCode=FHZR3S
2025-02-18 06:43:31 | INFO | Added yesterday's job: ShopOut is hiring for Machine Learning Engineer Intern | Remote
2025-02-18 06:43:32 | INFO | Processing job detail page: https://www.jobfound.org/job/codehers-2025-unlock-opportunities-with-walmart-global-tech-or-pre-placement-interviews-software-engineer
2025-02-18 06:43:33 | INFO | Popup dismissed
2025-02-18 06:43:34 | INFO | Found apply link: https://unstop.com/competitions/codehers-2025-walmart-global-tech-india-1372066?lb=OVPecQB&utm_medium=Share&utm_source=shortUrl
2025-02-18 06:43:34 | INFO | Added yesterday's job: CodeHers 2025: Unlock Opportunities with Walmart Global Tech | Pre-Placement Interviews
2025-02-18 06:43:35 | INFO | Processing job detail page: https://www.jobfound.org/job/vahan-is-hiring-for-software-developer-intern-or-bangalore-software-engineer
2025-02-18 06:43:52 | INFO | Found apply link: https://vahan.hire.trakstar.com/jobs/fk0p7oh
2025-02-18 06:43:52 | INFO | Added yesterday's job: Vahan is hiring for Software Developer Intern | Bangalore
2025-02-18 06:43:53 | INFO | Processing job detail page: https://www.jobfound.org/job/navi-is-hiring-for-ui-engineer-1-or-bengaluru-frontend-development
2025-02-18 06:43:55 | INFO | Popup dismissed
2025-02-18 06:43:56 | INFO | Found apply link: https://www.linkedin.com/jobs/view/4156151004/?alternateChannel=search
2025-02-18 06:43:56 | INFO | Added yesterday's job: Navi is hiring for UI Engineer - 1 | Bengaluru
2025-02-18 06:43:57 | INFO | Processing job detail page: https://www.jobfound.org/job/fancode-is-hiring-for-sde-1-frontend-or-mumbai-frontend-development
2025-02-18 06:43:59 | INFO | Popup dismissed
2025-02-18 06:44:05 | INFO | Found apply link: https://jobs.lever.co/dreamsports/19599e76-a11c-4c5d-a0b7-afad73645fcb
2025-02-18 06:44:05 | INFO | Added yesterday's job: FanCode is hiring for SDE 1 - Frontend | Mumbai
2025-02-18 06:44:06 | INFO | Processing job detail page: https://www.jobfound.org/job/314e-corporation-is-hiring-for-associate-software-engineer-or-greater-bengaluru-area-software-engineer
2025-02-18 06:44:13 | WARNING | Error getting apply link: Message: element click intercepted: Element <button class="justify-center whitespace-nowrap ring-offset-background focus-visible:outline-none focus-visible:ring-2 focus-visible:ring-ring focus-visible:ring-offset-2 disabled:pointer-events-none disabled:opacity-50 h-11 bg-blue-600 hover:bg-blue-700 text-white font-semibold px-6 py-4 text-lg rounded-full transition-all duration-200 hover:scale-105 hover:shadow-lg flex items-center gap-2 group">...</button> is not clickable at point (377, 912). Other element would receive the click: <div id="aswift_9_host" style="border: none !important; height: 124px !important; width: 100% !important; margin: 0px !important; padding: 0px !important; position: relative !important; visibility: visible !important; background-color: transparent !important; display: inline-block !important; inset: auto !important; clear: none !important; float: none !important; max-height: none !important; max-width: none !important; opacity: 1 !important; overflow: visible !important; vertical-align: baseline !important; z-index: auto !important;">...</div>
  (Session info: chrome=133.0.6943.98)
Stacktrace:
	GetHandleVerifier [0x011F02D3+25139]
	(No symbol) [0x0117B284]
	(No symbol) [0x010504A3]
	(No symbol) [0x0109E5D0]
	(No symbol) [0x0109C984]
	(No symbol) [0x0109A517]
	(No symbol) [0x010997D4]
	(No symbol) [0x0108DE55]
	(No symbol) [0x010BCF3C]
	(No symbol) [0x0108D8E4]
	(No symbol) [0x010BD1B4]
	(No symbol) [0x010DE6E1]
	(No symbol) [0x010BCD36]
	(No symbol) [0x0108BD29]
	(No symbol) [0x0108D064]
	GetHandleVerifier [0x014FB193+3215603]
	GetHandleVerifier [0x0151230A+3310186]
	GetHandleVerifier [0x0150C522+3286146]
	GetHandleVerifier [0x01289CD0+654384]
	(No symbol) [0x0118460D]
	(No symbol) [0x011814F8]
	(No symbol) [0x01181697]
	(No symbol) [0x01173D70]
	BaseThreadInitThunk [0x76A75D49+25]
	RtlInitializeExceptionChain [0x775DCDEB+107]
	RtlGetAppContainerNamedObjectPath [0x775DCD71+561]

2025-02-18 06:44:14 | INFO | Added yesterday's job: 314e Corporation is hiring for Associate Software Engineer | Greater Bengaluru Area
2025-02-18 06:44:15 | INFO | Processing job detail page: https://www.jobfound.org/job/google-is-hiring-for-web-solutions-engineer-or-bangalore-hyderabad-software-engineer
2025-02-18 06:44:22 | WARNING | Error getting apply link: Message: element click intercepted: Element <button class="justify-center whitespace-nowrap ring-offset-background focus-visible:outline-none focus-visible:ring-2 focus-visible:ring-ring focus-visible:ring-offset-2 disabled:pointer-events-none disabled:opacity-50 h-11 bg-blue-600 hover:bg-blue-700 text-white font-semibold px-6 py-4 text-lg rounded-full transition-all duration-200 hover:scale-105 hover:shadow-lg flex items-center gap-2 group">...</button> is not clickable at point (377, 912). Other element would receive the click: <div id="aswift_9_host" style="border: none !important; height: 124px !important; width: 100% !important; margin: 0px !important; padding: 0px !important; position: relative !important; visibility: visible !important; background-color: transparent !important; display: inline-block !important; inset: auto !important; clear: none !important; float: none !important; max-height: none !important; max-width: none !important; opacity: 1 !important; overflow: visible !important; vertical-align: baseline !important; z-index: auto !important;">...</div>
  (Session info: chrome=133.0.6943.98)
Stacktrace:
	GetHandleVerifier [0x011F02D3+25139]
	(No symbol) [0x0117B284]
	(No symbol) [0x010504A3]
	(No symbol) [0x0109E5D0]
	(No symbol) [0x0109C984]
	(No symbol) [0x0109A517]
	(No symbol) [0x010997D4]
	(No symbol) [0x0108DE55]
	(No symbol) [0x010BCF3C]
	(No symbol) [0x0108D8E4]
	(No symbol) [0x010BD1B4]
	(No symbol) [0x010DE6E1]
	(No symbol) [0x010BCD36]
	(No symbol) [0x0108BD29]
	(No symbol) [0x0108D064]
	GetHandleVerifier [0x014FB193+3215603]
	GetHandleVerifier [0x0151230A+3310186]
	GetHandleVerifier [0x0150C522+3286146]
	GetHandleVerifier [0x01289CD0+654384]
	(No symbol) [0x0118460D]
	(No symbol) [0x011814F8]
	(No symbol) [0x01181697]
	(No symbol) [0x01173D70]
	BaseThreadInitThunk [0x76A75D49+25]
	RtlInitializeExceptionChain [0x775DCDEB+107]
	RtlGetAppContainerNamedObjectPath [0x775DCD71+561]

2025-02-18 06:44:22 | INFO | Added yesterday's job: Google is hiring for Web Solutions Engineer | Bangalore, Hyderabad
2025-02-18 06:44:23 | INFO | Processing job detail page: https://www.jobfound.org/job/opengig-is-hiring-for-sde-intern-or-freshers-software-engineer
2025-02-18 06:44:26 | WARNING | Error getting apply link: Message: element click intercepted: Element <button class="justify-center whitespace-nowrap ring-offset-background focus-visible:outline-none focus-visible:ring-2 focus-visible:ring-ring focus-visible:ring-offset-2 disabled:pointer-events-none disabled:opacity-50 h-11 bg-blue-600 hover:bg-blue-700 text-white font-semibold px-6 py-4 text-lg rounded-full transition-all duration-200 hover:scale-105 hover:shadow-lg flex items-center gap-2 group">...</button> is not clickable at point (377, 912). Other element would receive the click: <div id="aswift_9_host" style="border: none !important; height: 124px !important; width: 100% !important; margin: 0px !important; padding: 0px !important; position: relative !important; visibility: visible !important; background-color: transparent !important; display: inline-block !important; inset: auto !important; clear: none !important; float: none !important; max-height: none !important; max-width: none !important; opacity: 1 !important; overflow: visible !important; vertical-align: baseline !important; z-index: auto !important;">...</div>
  (Session info: chrome=133.0.6943.98)
Stacktrace:
	GetHandleVerifier [0x011F02D3+25139]
	(No symbol) [0x0117B284]
	(No symbol) [0x010504A3]
	(No symbol) [0x0109E5D0]
	(No symbol) [0x0109C984]
	(No symbol) [0x0109A517]
	(No symbol) [0x010997D4]
	(No symbol) [0x0108DE55]
	(No symbol) [0x010BCF3C]
	(No symbol) [0x0108D8E4]
	(No symbol) [0x010BD1B4]
	(No symbol) [0x010DE6E1]
	(No symbol) [0x010BCD36]
	(No symbol) [0x0108BD29]
	(No symbol) [0x0108D064]
	GetHandleVerifier [0x014FB193+3215603]
	GetHandleVerifier [0x0151230A+3310186]
	GetHandleVerifier [0x0150C522+3286146]
	GetHandleVerifier [0x01289CD0+654384]
	(No symbol) [0x0118460D]
	(No symbol) [0x011814F8]
	(No symbol) [0x01181697]
	(No symbol) [0x01173D70]
	BaseThreadInitThunk [0x76A75D49+25]
	RtlInitializeExceptionChain [0x775DCDEB+107]
	RtlGetAppContainerNamedObjectPath [0x775DCD71+561]

2025-02-18 06:44:27 | INFO | Added yesterday's job: OpenGig is hiring for SDE Intern | Freshers
2025-02-18 06:44:28 | INFO | Processing job detail page: https://www.jobfound.org/job/stats-perform-is-hiring-for-software-engineer-i-or-bangalore-software-engineer
2025-02-18 06:44:35 | WARNING | Error getting apply link: Message: element click intercepted: Element <button class="justify-center whitespace-nowrap ring-offset-background focus-visible:outline-none focus-visible:ring-2 focus-visible:ring-ring focus-visible:ring-offset-2 disabled:pointer-events-none disabled:opacity-50 h-11 bg-blue-600 hover:bg-blue-700 text-white font-semibold px-6 py-4 text-lg rounded-full transition-all duration-200 hover:scale-105 hover:shadow-lg flex items-center gap-2 group">...</button> is not clickable at point (377, 912). Other element would receive the click: <div id="aswift_9_host" style="border: none !important; height: 124px !important; width: 100% !important; margin: 0px !important; padding: 0px !important; position: relative !important; visibility: visible !important; background-color: transparent !important; display: inline-block !important; inset: auto !important; clear: none !important; float: none !important; max-height: none !important; max-width: none !important; opacity: 1 !important; overflow: visible !important; vertical-align: baseline !important; z-index: auto !important;">...</div>
  (Session info: chrome=133.0.6943.98)
Stacktrace:
	GetHandleVerifier [0x011F02D3+25139]
	(No symbol) [0x0117B284]
	(No symbol) [0x010504A3]
	(No symbol) [0x0109E5D0]
	(No symbol) [0x0109C984]
	(No symbol) [0x0109A517]
	(No symbol) [0x010997D4]
	(No symbol) [0x0108DE55]
	(No symbol) [0x010BCF3C]
	(No symbol) [0x0108D8E4]
	(No symbol) [0x010BD1B4]
	(No symbol) [0x010DE6E1]
	(No symbol) [0x010BCD36]
	(No symbol) [0x0108BD29]
	(No symbol) [0x0108D064]
	GetHandleVerifier [0x014FB193+3215603]
	GetHandleVerifier [0x0151230A+3310186]
	GetHandleVerifier [0x0150C522+3286146]
	GetHandleVerifier [0x01289CD0+654384]
	(No symbol) [0x0118460D]
	(No symbol) [0x011814F8]
	(No symbol) [0x01181697]
	(No symbol) [0x01173D70]
	BaseThreadInitThunk [0x76A75D49+25]
	RtlInitializeExceptionChain [0x775DCDEB+107]
	RtlGetAppContainerNamedObjectPath [0x775DCD71+561]

2025-02-18 06:44:35 | INFO | Added yesterday's job: Stats Perform is hiring for Software Engineer I | Bangalore
2025-02-18 06:44:36 | INFO | Processing job detail page: https://www.jobfound.org/job/wabtec-is-hiring-for-intern-engineering-or-freshers-software-engineer
2025-02-18 06:44:40 | WARNING | Error getting apply link: Message: element click intercepted: Element <button class="justify-center whitespace-nowrap ring-offset-background focus-visible:outline-none focus-visible:ring-2 focus-visible:ring-ring focus-visible:ring-offset-2 disabled:pointer-events-none disabled:opacity-50 h-11 bg-blue-600 hover:bg-blue-700 text-white font-semibold px-6 py-4 text-lg rounded-full transition-all duration-200 hover:scale-105 hover:shadow-lg flex items-center gap-2 group">...</button> is not clickable at point (377, 912). Other element would receive the click: <div id="aswift_9_host" style="border: none !important; height: 124px !important; width: 100% !important; margin: 0px !important; padding: 0px !important; position: relative !important; visibility: visible !important; background-color: transparent !important; display: inline-block !important; inset: auto !important; clear: none !important; float: none !important; max-height: none !important; max-width: none !important; opacity: 1 !important; overflow: visible !important; vertical-align: baseline !important; z-index: auto !important;">...</div>
  (Session info: chrome=133.0.6943.98)
Stacktrace:
	GetHandleVerifier [0x011F02D3+25139]
	(No symbol) [0x0117B284]
	(No symbol) [0x010504A3]
	(No symbol) [0x0109E5D0]
	(No symbol) [0x0109C984]
	(No symbol) [0x0109A517]
	(No symbol) [0x010997D4]
	(No symbol) [0x0108DE55]
	(No symbol) [0x010BCF3C]
	(No symbol) [0x0108D8E4]
	(No symbol) [0x010BD1B4]
	(No symbol) [0x010DE6E1]
	(No symbol) [0x010BCD36]
	(No symbol) [0x0108BD29]
	(No symbol) [0x0108D064]
	GetHandleVerifier [0x014FB193+3215603]
	GetHandleVerifier [0x0151230A+3310186]
	GetHandleVerifier [0x0150C522+3286146]
	GetHandleVerifier [0x01289CD0+654384]
	(No symbol) [0x0118460D]
	(No symbol) [0x011814F8]
	(No symbol) [0x01181697]
	(No symbol) [0x01173D70]
	BaseThreadInitThunk [0x76A75D49+25]
	RtlInitializeExceptionChain [0x775DCDEB+107]
	RtlGetAppContainerNamedObjectPath [0x775DCD71+561]

2025-02-18 06:44:40 | INFO | Added yesterday's job: Wabtec is hiring for Intern - Engineering | Freshers
2025-02-18 06:44:41 | INFO | Processing job detail page: https://www.jobfound.org/job/klenty-is-hiring-for-mern-stack-developer-or-apply-now-software-engineer
2025-02-18 06:44:49 | WARNING | Error getting apply link: Message: element click intercepted: Element <button class="justify-center whitespace-nowrap ring-offset-background focus-visible:outline-none focus-visible:ring-2 focus-visible:ring-ring focus-visible:ring-offset-2 disabled:pointer-events-none disabled:opacity-50 h-11 bg-blue-600 hover:bg-blue-700 text-white font-semibold px-6 py-4 text-lg rounded-full transition-all duration-200 hover:scale-105 hover:shadow-lg flex items-center gap-2 group">...</button> is not clickable at point (377, 912). Other element would receive the click: <div id="aswift_9_host" style="border: none !important; height: 124px !important; width: 100% !important; margin: 0px !important; padding: 0px !important; position: relative !important; visibility: visible !important; background-color: transparent !important; display: inline-block !important; inset: auto !important; clear: none !important; float: none !important; max-height: none !important; max-width: none !important; opacity: 1 !important; overflow: visible !important; vertical-align: baseline !important; z-index: auto !important;">...</div>
  (Session info: chrome=133.0.6943.98)
Stacktrace:
	GetHandleVerifier [0x011F02D3+25139]
	(No symbol) [0x0117B284]
	(No symbol) [0x010504A3]
	(No symbol) [0x0109E5D0]
	(No symbol) [0x0109C984]
	(No symbol) [0x0109A517]
	(No symbol) [0x010997D4]
	(No symbol) [0x0108DE55]
	(No symbol) [0x010BCF3C]
	(No symbol) [0x0108D8E4]
	(No symbol) [0x010BD1B4]
	(No symbol) [0x010DE6E1]
	(No symbol) [0x010BCD36]
	(No symbol) [0x0108BD29]
	(No symbol) [0x0108D064]
	GetHandleVerifier [0x014FB193+3215603]
	GetHandleVerifier [0x0151230A+3310186]
	GetHandleVerifier [0x0150C522+3286146]
	GetHandleVerifier [0x01289CD0+654384]
	(No symbol) [0x0118460D]
	(No symbol) [0x011814F8]
	(No symbol) [0x01181697]
	(No symbol) [0x01173D70]
	BaseThreadInitThunk [0x76A75D49+25]
	RtlInitializeExceptionChain [0x775DCDEB+107]
	RtlGetAppContainerNamedObjectPath [0x775DCD71+561]

2025-02-18 06:44:49 | INFO | Added yesterday's job: Klenty is hiring for MERN Stack Developer | Apply Now
2025-02-18 06:44:50 | INFO | Processing job detail page: https://www.jobfound.org/job/capital-one-is-hiring-for-software-engineering-intern-freshers
2025-02-18 06:44:57 | INFO | Found older job after processing current jobs. Stopping collection.
2025-02-18 06:44:57 | INFO | Successfully scraped 13 jobs (Today: 0, Yesterday: 13)
2025-02-18 06:44:59 | INFO | Function scrape_jobs took 157.05 seconds
2025-02-18 06:44:59 | INFO | Found 13 jobs from scraping
2025-02-18 06:44:59 | INFO | Storing jobs in database...
2025-02-18 06:44:59 | INFO | Found 1 new jobs to store
2025-02-18 06:44:59 | INFO | Attempting to store 1 jobs
2025-02-18 06:44:59 | INFO | Prepared job for storage: Tisac is hiring for Frontend Developer Intern | Remote
2025-02-18 06:44:59 | INFO | Successfully stored 1 jobs
2025-02-18 06:44:59 | INFO | Successfully stored 1 new jobs
2025-02-18 06:44:59 | ERROR | Error in scrape_and_process_jobs: module 'datetime' has no attribute 'utcnow'
2025-02-18 06:44:59 | ERROR | Function scrape_and_process_jobs failed after 157.13 seconds: module 'datetime' has no attribute 'utcnow'
2025-02-18 06:50:59 | INFO | Shutting down the application...
2025-02-18 06:50:59 | INFO | Application shutdown completed successfully
2025-02-18 06:51:05 | INFO | Starting up the application...
2025-02-18 06:51:05 | INFO | Scheduled job scraping for 10:30
2025-02-18 06:51:05 | INFO | Scheduler initialized successfully
2025-02-18 06:51:05 | INFO | Application startup completed successfully
2025-02-18 06:51:41 | INFO | Starting job scraping at 2025-02-18 06:51:41.869935
2025-02-18 06:51:41 | INFO | Starting job scraping...
2025-02-18 06:51:44 | INFO | Accessing https://www.jobfound.org/
2025-02-18 06:51:55 | INFO | Collecting job URLs...
2025-02-18 06:52:23 | INFO | Found 600 job URLs
2025-02-18 06:52:23 | INFO | Processing job detail page: https://www.jobfound.org/job/tisac-is-hiring-for-frontend-developer-intern-or-remote-software-engineer
2025-02-18 06:52:24 | INFO | Popup dismissed
2025-02-18 06:52:26 | WARNING | Error getting apply link: Message: element click intercepted: Element <button class="justify-center whitespace-nowrap ring-offset-background focus-visible:outline-none focus-visible:ring-2 focus-visible:ring-ring focus-visible:ring-offset-2 disabled:pointer-events-none disabled:opacity-50 h-11 bg-blue-600 hover:bg-blue-700 text-white font-semibold px-6 py-4 text-lg rounded-full transition-all duration-200 hover:scale-105 hover:shadow-lg flex items-center gap-2 group">...</button> is not clickable at point (377, 912). Other element would receive the click: <div id="aswift_8_host" style="border: none !important; height: 90px !important; width: 100% !important; margin: 0px !important; padding: 0px !important; position: relative !important; visibility: visible !important; background-color: transparent !important; display: inline-block !important; inset: auto !important; clear: none !important; float: none !important; max-height: none !important; max-width: none !important; opacity: 1 !important; overflow: visible !important; vertical-align: baseline !important; z-index: auto !important;">...</div>
  (Session info: chrome=133.0.6943.98)
Stacktrace:
	GetHandleVerifier [0x011F02D3+25139]
	(No symbol) [0x0117B284]
	(No symbol) [0x010504A3]
	(No symbol) [0x0109E5D0]
	(No symbol) [0x0109C984]
	(No symbol) [0x0109A517]
	(No symbol) [0x010997D4]
	(No symbol) [0x0108E156]
	(No symbol) [0x010BCF3C]
	(No symbol) [0x0108D8E4]
	(No symbol) [0x010BD1B4]
	(No symbol) [0x010DE6E1]
	(No symbol) [0x010BCD36]
	(No symbol) [0x0108BD29]
	(No symbol) [0x0108D064]
	GetHandleVerifier [0x014FB193+3215603]
	GetHandleVerifier [0x0151230A+3310186]
	GetHandleVerifier [0x0150C522+3286146]
	GetHandleVerifier [0x01289CD0+654384]
	(No symbol) [0x0118460D]
	(No symbol) [0x011814F8]
	(No symbol) [0x01181697]
	(No symbol) [0x01173D70]
	BaseThreadInitThunk [0x76A75D49+25]
	RtlInitializeExceptionChain [0x775DCDEB+107]
	RtlGetAppContainerNamedObjectPath [0x775DCD71+561]

2025-02-18 06:52:26 | INFO | Added yesterday's job: Tisac is hiring for Frontend Developer Intern | Remote
2025-02-18 06:52:27 | INFO | Processing job detail page: https://www.jobfound.org/job/zupee-is-hiring-for-full-stack-intern-or-gurugram-software-engineer
2025-02-18 06:52:35 | INFO | Found apply link: https://www.linkedin.com/jobs/view/4152756474/?alternateChannel=search
2025-02-18 06:52:36 | INFO | Added yesterday's job: Zupee is hiring for Full Stack Intern | Gurugram
2025-02-18 06:52:37 | INFO | Processing job detail page: https://www.jobfound.org/job/shopout-is-hiring-for-machine-learning-engineer-intern-or-remote-machine-learning-data-science
2025-02-18 06:52:49 | INFO | Found apply link: https://cuvette.tech/app/public/internship/67b2eaa8e05b6b050c4658b6?referralCode=FHZR3S
2025-02-18 06:52:49 | INFO | Added yesterday's job: ShopOut is hiring for Machine Learning Engineer Intern | Remote
2025-02-18 06:52:50 | INFO | Processing job detail page: https://www.jobfound.org/job/codehers-2025-unlock-opportunities-with-walmart-global-tech-or-pre-placement-interviews-software-engineer
2025-02-18 06:52:51 | INFO | Popup dismissed
2025-02-18 06:52:53 | INFO | Found apply link: https://unstop.com/competitions/codehers-2025-walmart-global-tech-india-1372066?lb=OVPecQB&utm_medium=Share&utm_source=shortUrl
2025-02-18 06:52:53 | INFO | Added yesterday's job: CodeHers 2025: Unlock Opportunities with Walmart Global Tech | Pre-Placement Interviews
2025-02-18 06:52:54 | INFO | Processing job detail page: https://www.jobfound.org/job/vahan-is-hiring-for-software-developer-intern-or-bangalore-software-engineer
2025-02-18 06:53:06 | INFO | Found apply link: https://vahan.hire.trakstar.com/jobs/fk0p7oh
2025-02-18 06:53:06 | INFO | Added yesterday's job: Vahan is hiring for Software Developer Intern | Bangalore
2025-02-18 06:53:07 | INFO | Processing job detail page: https://www.jobfound.org/job/navi-is-hiring-for-ui-engineer-1-or-bengaluru-frontend-development
2025-02-18 06:53:09 | INFO | Popup dismissed
2025-02-18 06:53:10 | INFO | Found apply link: https://www.linkedin.com/jobs/view/4156151004/?alternateChannel=search
2025-02-18 06:53:11 | INFO | Added yesterday's job: Navi is hiring for UI Engineer - 1 | Bengaluru
2025-02-18 06:53:12 | INFO | Processing job detail page: https://www.jobfound.org/job/fancode-is-hiring-for-sde-1-frontend-or-mumbai-frontend-development
2025-02-18 06:53:13 | INFO | Popup dismissed
2025-02-18 06:53:23 | INFO | Found apply link: https://jobs.lever.co/dreamsports/19599e76-a11c-4c5d-a0b7-afad73645fcb
2025-02-18 06:53:23 | INFO | Added yesterday's job: FanCode is hiring for SDE 1 - Frontend | Mumbai
2025-02-18 06:53:24 | INFO | Processing job detail page: https://www.jobfound.org/job/314e-corporation-is-hiring-for-associate-software-engineer-or-greater-bengaluru-area-software-engineer
2025-02-18 06:53:32 | INFO | Found apply link: https://www.linkedin.com/jobs/view/4157161311/?alternateChannel=search
2025-02-18 06:53:32 | INFO | Added yesterday's job: 314e Corporation is hiring for Associate Software Engineer | Greater Bengaluru Area
2025-02-18 06:53:33 | INFO | Processing job detail page: https://www.jobfound.org/job/google-is-hiring-for-web-solutions-engineer-or-bangalore-hyderabad-software-engineer
2025-02-18 06:53:41 | INFO | Found apply link: https://cuvette.tech/app/other-jobs/67b2c250bf4e863873e1e2e8?referralCode=FHZR3S
2025-02-18 06:53:41 | INFO | Added yesterday's job: Google is hiring for Web Solutions Engineer | Bangalore, Hyderabad
2025-02-18 06:53:42 | INFO | Processing job detail page: https://www.jobfound.org/job/opengig-is-hiring-for-sde-intern-or-freshers-software-engineer
2025-02-18 06:53:43 | INFO | Popup dismissed
2025-02-18 06:53:57 | INFO | Found apply link: https://docs.google.com/forms/d/e/1FAIpQLSf2FGwXvHgvJFLK2Fxlh120qK0-36-1BeZaF2A33ViQCDvVlQ/viewform
2025-02-18 06:53:57 | INFO | Added yesterday's job: OpenGig is hiring for SDE Intern | Freshers
2025-02-18 06:53:58 | INFO | Processing job detail page: https://www.jobfound.org/job/stats-perform-is-hiring-for-software-engineer-i-or-bangalore-software-engineer
2025-02-18 06:54:07 | INFO | Found apply link: https://eobe.fa.em2.oraclecloud.com/hcmUI/CandidateExperience/en/sites/CX_1001/job/585
2025-02-18 06:54:07 | INFO | Added yesterday's job: Stats Perform is hiring for Software Engineer I | Bangalore
2025-02-18 06:54:08 | INFO | Processing job detail page: https://www.jobfound.org/job/wabtec-is-hiring-for-intern-engineering-or-freshers-software-engineer
2025-02-18 06:54:10 | INFO | Popup dismissed
2025-02-18 06:54:14 | INFO | Found apply link: https://wabtec.wd1.myworkdayjobs.com/wabtec_careers/job/Bengaluru-India/Intern---Engineering_R0094415?source=KrishanKumarLinkedin
2025-02-18 06:54:14 | INFO | Added yesterday's job: Wabtec is hiring for Intern - Engineering | Freshers
2025-02-18 06:54:15 | INFO | Processing job detail page: https://www.jobfound.org/job/klenty-is-hiring-for-mern-stack-developer-or-apply-now-software-engineer
2025-02-18 06:54:23 | INFO | Found apply link: https://cutshort.io/job/MERN-Stack-Developer-Chennai-Klenty-India-Pvt-Ltd-2iQiyr7Z?applicationsource=linkedin-feed
2025-02-18 06:54:23 | INFO | Added yesterday's job: Klenty is hiring for MERN Stack Developer | Apply Now
2025-02-18 06:54:24 | INFO | Processing job detail page: https://www.jobfound.org/job/capital-one-is-hiring-for-software-engineering-intern-freshers
2025-02-18 06:54:31 | INFO | Found older job after processing current jobs. Stopping collection.
2025-02-18 06:54:31 | INFO | Successfully scraped 13 jobs (Today: 0, Yesterday: 13)
2025-02-18 06:54:33 | INFO | Function scrape_jobs took 171.78 seconds
2025-02-18 06:54:33 | INFO | Found 13 jobs from scraping
2025-02-18 06:54:33 | INFO | Storing jobs in database...
2025-02-18 06:54:33 | INFO | Found 0 new jobs to store
2025-02-18 06:54:33 | INFO | No new jobs to store
2025-02-18 06:54:37 | INFO | Email sent successfully to prasanthranger09@gmail.com
2025-02-18 06:54:37 | INFO | Function scrape_and_process_jobs took 175.85 seconds
2025-02-18 06:55:37 | INFO | Shutting down the application...
2025-02-18 06:55:37 | INFO | Application shutdown completed successfully
2025-02-18 06:55:43 | INFO | Starting up the application...
2025-02-18 06:55:43 | INFO | Scheduled job scraping for 10:30
2025-02-18 06:55:43 | INFO | Scheduler initialized successfully
2025-02-18 06:55:43 | INFO | Application startup completed successfully
2025-02-18 07:04:12 | INFO | Shutting down the application...
2025-02-18 07:04:12 | INFO | Application shutdown completed successfully
2025-02-18 07:05:15 | INFO | Starting up the application...
2025-02-18 07:05:15 | INFO | Scheduled job scraping for 10:30
2025-02-18 07:05:15 | INFO | Scheduler initialized successfully
2025-02-18 07:05:15 | INFO | Application startup completed successfully
2025-02-18 07:05:35 | INFO | Starting job scraping at 2025-02-18 07:05:35.390073
2025-02-18 07:05:35 | INFO | Starting job scraping...
2025-02-18 07:05:38 | INFO | Accessing https://www.jobfound.org/
2025-02-18 07:05:47 | INFO | Collecting job URLs...
2025-02-18 07:06:14 | INFO | Found 600 job URLs
2025-02-18 07:06:14 | INFO | Processing job detail page: https://www.jobfound.org/job/tisac-is-hiring-for-frontend-developer-intern-or-remote-software-engineer
2025-02-18 07:06:31 | WARNING | Error getting posting date: Message: 
Stacktrace:
	GetHandleVerifier [0x011F02D3+25139]
	(No symbol) [0x0117B284]
	(No symbol) [0x010504A3]
	(No symbol) [0x01098338]
	(No symbol) [0x0109868B]
	(No symbol) [0x010E0F62]
	(No symbol) [0x010BCF84]
	(No symbol) [0x010DE6E1]
	(No symbol) [0x010BCD36]
	(No symbol) [0x0108BD29]
	(No symbol) [0x0108D064]
	GetHandleVerifier [0x014FB193+3215603]
	GetHandleVerifier [0x0151230A+3310186]
	GetHandleVerifier [0x0150C522+3286146]
	GetHandleVerifier [0x01289CD0+654384]
	(No symbol) [0x0118460D]
	(No symbol) [0x011814F8]
	(No symbol) [0x01181697]
	(No symbol) [0x01173D70]
	BaseThreadInitThunk [0x76A75D49+25]
	RtlInitializeExceptionChain [0x775DCDEB+107]
	RtlGetAppContainerNamedObjectPath [0x775DCD71+561]

2025-02-18 07:06:31 | INFO | Processing job detail page: https://www.jobfound.org/job/zupee-is-hiring-for-full-stack-intern-or-gurugram-software-engineer
2025-02-18 07:06:40 | INFO | Found apply link: https://www.linkedin.com/jobs/view/4152756474/?alternateChannel=search
2025-02-18 07:06:40 | INFO | Added yesterday's job: Zupee is hiring for Full Stack Intern | Gurugram
2025-02-18 07:06:41 | INFO | Processing job detail page: https://www.jobfound.org/job/shopout-is-hiring-for-machine-learning-engineer-intern-or-remote-machine-learning-data-science
2025-02-18 07:07:00 | INFO | Found apply link: https://cuvette.tech/app/public/internship/67b2eaa8e05b6b050c4658b6?referralCode=FHZR3S
2025-02-18 07:07:00 | INFO | Added yesterday's job: ShopOut is hiring for Machine Learning Engineer Intern | Remote
2025-02-18 07:07:01 | INFO | Processing job detail page: https://www.jobfound.org/job/codehers-2025-unlock-opportunities-with-walmart-global-tech-or-pre-placement-interviews-software-engineer
2025-02-18 07:07:02 | INFO | Popup dismissed
2025-02-18 07:07:09 | INFO | Found apply link: https://unstop.com/competitions/codehers-2025-walmart-global-tech-india-1372066?lb=OVPecQB&utm_medium=Share&utm_source=shortUrl
2025-02-18 07:07:09 | INFO | Added yesterday's job: CodeHers 2025: Unlock Opportunities with Walmart Global Tech | Pre-Placement Interviews
2025-02-18 07:07:10 | INFO | Processing job detail page: https://www.jobfound.org/job/vahan-is-hiring-for-software-developer-intern-or-bangalore-software-engineer
2025-02-18 07:07:39 | INFO | Found apply link: https://vahan.hire.trakstar.com/jobs/fk0p7oh
2025-02-18 07:07:39 | INFO | Added yesterday's job: Vahan is hiring for Software Developer Intern | Bangalore
2025-02-18 07:07:40 | INFO | Processing job detail page: https://www.jobfound.org/job/navi-is-hiring-for-ui-engineer-1-or-bengaluru-frontend-development
2025-02-18 07:07:42 | INFO | Popup dismissed
2025-02-18 07:07:43 | INFO | Found apply link: https://www.linkedin.com/jobs/view/4156151004/?alternateChannel=search
2025-02-18 07:07:43 | INFO | Added yesterday's job: Navi is hiring for UI Engineer - 1 | Bengaluru
2025-02-18 07:07:44 | INFO | Processing job detail page: https://www.jobfound.org/job/fancode-is-hiring-for-sde-1-frontend-or-mumbai-frontend-development
2025-02-18 07:07:46 | INFO | Popup dismissed
2025-02-18 07:07:59 | INFO | Found apply link: https://jobs.lever.co/dreamsports/19599e76-a11c-4c5d-a0b7-afad73645fcb
2025-02-18 07:07:59 | INFO | Added yesterday's job: FanCode is hiring for SDE 1 - Frontend | Mumbai
2025-02-18 07:08:00 | INFO | Processing job detail page: https://www.jobfound.org/job/314e-corporation-is-hiring-for-associate-software-engineer-or-greater-bengaluru-area-software-engineer
2025-02-18 07:08:08 | INFO | Found apply link: https://www.linkedin.com/jobs/view/4157161311/?alternateChannel=search
2025-02-18 07:08:08 | INFO | Added yesterday's job: 314e Corporation is hiring for Associate Software Engineer | Greater Bengaluru Area
2025-02-18 07:08:09 | INFO | Processing job detail page: https://www.jobfound.org/job/google-is-hiring-for-web-solutions-engineer-or-bangalore-hyderabad-software-engineer
2025-02-18 07:08:23 | INFO | Found apply link: https://cuvette.tech/app/other-jobs/67b2c250bf4e863873e1e2e8?referralCode=FHZR3S
2025-02-18 07:08:24 | INFO | Added yesterday's job: Google is hiring for Web Solutions Engineer | Bangalore, Hyderabad
2025-02-18 07:08:25 | INFO | Processing job detail page: https://www.jobfound.org/job/opengig-is-hiring-for-sde-intern-or-freshers-software-engineer
2025-02-18 07:08:26 | INFO | Popup dismissed
2025-02-18 07:08:31 | INFO | Found apply link: https://docs.google.com/forms/d/e/1FAIpQLSf2FGwXvHgvJFLK2Fxlh120qK0-36-1BeZaF2A33ViQCDvVlQ/viewform
2025-02-18 07:08:31 | INFO | Added yesterday's job: OpenGig is hiring for SDE Intern | Freshers
2025-02-18 07:08:32 | INFO | Processing job detail page: https://www.jobfound.org/job/stats-perform-is-hiring-for-software-engineer-i-or-bangalore-software-engineer
2025-02-18 07:08:50 | INFO | Found apply link: https://eobe.fa.em2.oraclecloud.com/hcmUI/CandidateExperience/en/sites/CX_1001/job/585
2025-02-18 07:08:51 | INFO | Added yesterday's job: Stats Perform is hiring for Software Engineer I | Bangalore
2025-02-18 07:08:52 | INFO | Processing job detail page: https://www.jobfound.org/job/wabtec-is-hiring-for-intern-engineering-or-freshers-software-engineer
2025-02-18 07:08:53 | INFO | Popup dismissed
2025-02-18 07:09:07 | INFO | Found apply link: https://wabtec.wd1.myworkdayjobs.com/wabtec_careers/job/Bengaluru-India/Intern---Engineering_R0094415?source=KrishanKumarLinkedin
2025-02-18 07:09:07 | INFO | Added yesterday's job: Wabtec is hiring for Intern - Engineering | Freshers
2025-02-18 07:09:08 | INFO | Processing job detail page: https://www.jobfound.org/job/klenty-is-hiring-for-mern-stack-developer-or-apply-now-software-engineer
2025-02-18 07:09:26 | INFO | Found apply link: https://cutshort.io/job/MERN-Stack-Developer-Chennai-Klenty-India-Pvt-Ltd-2iQiyr7Z?applicationsource=linkedin-feed
2025-02-18 07:09:26 | INFO | Added yesterday's job: Klenty is hiring for MERN Stack Developer | Apply Now
2025-02-18 07:09:27 | INFO | Processing job detail page: https://www.jobfound.org/job/capital-one-is-hiring-for-software-engineering-intern-freshers
2025-02-18 07:09:34 | INFO | Found older job after processing current jobs. Stopping collection.
2025-02-18 07:09:34 | INFO | Successfully scraped 12 jobs (Today: 0, Yesterday: 12)
2025-02-18 07:09:36 | INFO | Function scrape_jobs took 241.00 seconds
2025-02-18 07:09:36 | INFO | Found 12 jobs from scraping
2025-02-18 07:09:36 | INFO | Storing jobs in database...
2025-02-18 07:09:36 | INFO | Found 0 new jobs to store
2025-02-18 07:09:36 | INFO | No new jobs to store
2025-02-18 07:09:40 | INFO | Email sent successfully to prasanthranger09@gmail.com
2025-02-18 07:09:40 | INFO | Function scrape_and_process_jobs took 245.00 seconds
2025-02-18 20:19:02 | INFO | Starting job scraping at 2025-02-18 20:19:02.475660
2025-02-18 20:19:02 | INFO | Starting job scraping...
2025-02-18 20:19:07 | INFO | Accessing https://www.jobfound.org/
2025-02-18 20:19:18 | INFO | Collecting job URLs...
2025-02-18 20:19:49 | INFO | Found 600 job URLs
2025-02-18 20:19:49 | INFO | Processing job detail page: https://www.jobfound.org/job/advanced-sterilization-products-is-hiring-for-software-intern-or-bengaluru-south-software-engineer
2025-02-18 20:20:05 | WARNING | Error getting posting date: Message: 
Stacktrace:
	GetHandleVerifier [0x00F402D3+25139]
	(No symbol) [0x00ECB284]
	(No symbol) [0x00DA04A3]
	(No symbol) [0x00DE8338]
	(No symbol) [0x00DE868B]
	(No symbol) [0x00E30F62]
	(No symbol) [0x00E0CF84]
	(No symbol) [0x00E2E6E1]
	(No symbol) [0x00E0CD36]
	(No symbol) [0x00DDBD29]
	(No symbol) [0x00DDD064]
	GetHandleVerifier [0x0124B193+3215603]
	GetHandleVerifier [0x0126230A+3310186]
	GetHandleVerifier [0x0125C522+3286146]
	GetHandleVerifier [0x00FD9CD0+654384]
	(No symbol) [0x00ED460D]
	(No symbol) [0x00ED14F8]
	(No symbol) [0x00ED1697]
	(No symbol) [0x00EC3D70]
	BaseThreadInitThunk [0x76A75D49+25]
	RtlInitializeExceptionChain [0x775DCDEB+107]
	RtlGetAppContainerNamedObjectPath [0x775DCD71+561]

2025-02-18 20:20:05 | INFO | Processing job detail page: https://www.jobfound.org/job/symplr-is-hiring-for-software-engineer-or-bengaluru-software-engineer
2025-02-18 20:20:18 | INFO | Found apply link: https://www.linkedin.com/jobs/view/4156600911/?alternateChannel=search
2025-02-18 20:20:18 | INFO | Added today's job: Symplr is hiring for Software Engineer | Bengaluru
2025-02-18 20:20:19 | INFO | Processing job detail page: https://www.jobfound.org/job/oneorigin-is-hiring-for-junior-software-engineer-or-bengaluru-software-engineer
2025-02-18 20:20:28 | INFO | Found apply link: https://www.linkedin.com/jobs/view/4156972768/?alternateChannel=search
2025-02-18 20:20:28 | INFO | Added today's job: OneOrigin is hiring for Junior Software Engineer | Bengaluru
2025-02-18 20:20:29 | INFO | Processing job detail page: https://www.jobfound.org/job/traveloka-is-hiring-for-software-engineer-or-india-software-engineer
2025-02-18 20:20:41 | INFO | Found apply link: https://traveloka.wd3.myworkdayjobs.com/Traveloka/job/India---Local-Office/Software-Engineer_R0004665
2025-02-18 20:20:41 | INFO | Added today's job: Traveloka is hiring for Software Engineer | India
2025-02-18 20:20:42 | INFO | Processing job detail page: https://www.jobfound.org/job/ap-moller-maersk-is-hiring-for-software-engineer-or-bangalore-software-engineer
2025-02-18 20:20:51 | INFO | Found apply link: https://maersk.wd3.myworkdayjobs.com/Maersk_Careers/job/IN---Bangalore/Software-Engineer_R138000-1?source=LinkedIn
2025-02-18 20:20:51 | INFO | Added today's job: A.P. Moller - Maersk is hiring for Software Engineer | Bangalore
2025-02-18 20:20:52 | INFO | Processing job detail page: https://www.jobfound.org/job/robomq-is-hiring-for-software-engineer-or-jaipur-software-engineer
2025-02-18 20:21:00 | INFO | Found apply link: https://www.linkedin.com/jobs/view/4155864023/?alternateChannel=search
2025-02-18 20:21:00 | INFO | Added today's job: RoboMQ is hiring for Software Engineer | Jaipur
2025-02-18 20:21:01 | INFO | Processing job detail page: https://www.jobfound.org/job/instaresz-is-hiring-for-postgresql-developer-intern-or-freshers-frontend-development
2025-02-18 20:21:10 | INFO | Found apply link: https://unstop.com/internships/postgresql-developer-internship-instaresz-business-services-private-limited-1396329?lb=pPdleTH
2025-02-18 20:21:10 | INFO | Added today's job: InstaResz is hiring for PostgreSQL Developer Intern | Freshers
2025-02-18 20:21:11 | INFO | Processing job detail page: https://www.jobfound.org/job/tisac-is-hiring-for-frontend-developer-intern-or-remote-software-engineer
2025-02-18 20:21:13 | INFO | Popup dismissed
2025-02-18 20:21:14 | INFO | Found apply link: https://www.linkedin.com/jobs/view/4156147823/?alternateChannel=search
2025-02-18 20:21:15 | INFO | Added yesterday's job: Tisac is hiring for Frontend Developer Intern | Remote
2025-02-18 20:21:16 | INFO | Processing job detail page: https://www.jobfound.org/job/zupee-is-hiring-for-full-stack-intern-or-gurugram-software-engineer
2025-02-18 20:21:24 | INFO | Found apply link: https://www.linkedin.com/jobs/view/4152756474/?alternateChannel=search
2025-02-18 20:21:24 | INFO | Added yesterday's job: Zupee is hiring for Full Stack Intern | Gurugram
2025-02-18 20:21:25 | INFO | Processing job detail page: https://www.jobfound.org/job/shopout-is-hiring-for-machine-learning-engineer-intern-or-remote-machine-learning-data-science
2025-02-18 20:21:36 | INFO | Found apply link: https://cuvette.tech/app/public/internship/67b2eaa8e05b6b050c4658b6?referralCode=FHZR3S
2025-02-18 20:21:36 | INFO | Added yesterday's job: ShopOut is hiring for Machine Learning Engineer Intern | Remote
2025-02-18 20:21:37 | INFO | Processing job detail page: https://www.jobfound.org/job/codehers-2025-unlock-opportunities-with-walmart-global-tech-or-pre-placement-interviews-software-engineer
2025-02-18 20:21:39 | INFO | Popup dismissed
2025-02-18 20:21:40 | INFO | Found apply link: https://unstop.com/competitions/codehers-2025-walmart-global-tech-india-1372066?lb=OVPecQB&utm_medium=Share&utm_source=shortUrl
2025-02-18 20:21:40 | INFO | Added yesterday's job: CodeHers 2025: Unlock Opportunities with Walmart Global Tech | Pre-Placement Interviews
2025-02-18 20:21:41 | INFO | Processing job detail page: https://www.jobfound.org/job/vahan-is-hiring-for-software-developer-intern-or-bangalore-software-engineer
2025-02-18 20:21:55 | INFO | Found apply link: https://vahan.hire.trakstar.com/jobs/fk0p7oh
2025-02-18 20:21:55 | INFO | Added yesterday's job: Vahan is hiring for Software Developer Intern | Bangalore
2025-02-18 20:21:56 | INFO | Processing job detail page: https://www.jobfound.org/job/navi-is-hiring-for-ui-engineer-1-or-bengaluru-frontend-development
2025-02-18 20:21:58 | INFO | Popup dismissed
2025-02-18 20:22:00 | INFO | Found apply link: https://www.linkedin.com/jobs/view/4156151004/?alternateChannel=search
2025-02-18 20:22:00 | INFO | Added yesterday's job: Navi is hiring for UI Engineer - 1 | Bengaluru
2025-02-18 20:22:01 | INFO | Processing job detail page: https://www.jobfound.org/job/fancode-is-hiring-for-sde-1-frontend-or-mumbai-frontend-development
2025-02-18 20:22:03 | INFO | Popup dismissed
2025-02-18 20:22:09 | INFO | Found apply link: https://jobs.lever.co/dreamsports/19599e76-a11c-4c5d-a0b7-afad73645fcb
2025-02-18 20:22:09 | INFO | Added yesterday's job: FanCode is hiring for SDE 1 - Frontend | Mumbai
2025-02-18 20:22:10 | INFO | Processing job detail page: https://www.jobfound.org/job/314e-corporation-is-hiring-for-associate-software-engineer-or-greater-bengaluru-area-software-engineer
2025-02-18 20:22:18 | INFO | Found apply link: https://www.linkedin.com/jobs/view/4157161311/?alternateChannel=search
2025-02-18 20:22:19 | INFO | Added yesterday's job: 314e Corporation is hiring for Associate Software Engineer | Greater Bengaluru Area
2025-02-18 20:22:20 | INFO | Processing job detail page: https://www.jobfound.org/job/google-is-hiring-for-web-solutions-engineer-or-bangalore-hyderabad-software-engineer
2025-02-18 20:22:29 | INFO | Found apply link: https://cuvette.tech/app/other-jobs/67b2c250bf4e863873e1e2e8?referralCode=FHZR3S
2025-02-18 20:22:29 | INFO | Added yesterday's job: Google is hiring for Web Solutions Engineer | Bangalore, Hyderabad
2025-02-18 20:22:30 | INFO | Processing job detail page: https://www.jobfound.org/job/opengig-is-hiring-for-sde-intern-or-freshers-software-engineer
2025-02-18 20:22:32 | INFO | Popup dismissed
2025-02-18 20:22:38 | INFO | Found apply link: https://docs.google.com/forms/d/e/1FAIpQLSf2FGwXvHgvJFLK2Fxlh120qK0-36-1BeZaF2A33ViQCDvVlQ/viewform
2025-02-18 20:22:38 | INFO | Added yesterday's job: OpenGig is hiring for SDE Intern | Freshers
2025-02-18 20:22:39 | INFO | Processing job detail page: https://www.jobfound.org/job/stats-perform-is-hiring-for-software-engineer-i-or-bangalore-software-engineer
2025-02-18 20:23:01 | INFO | Found apply link: https://eobe.fa.em2.oraclecloud.com/hcmUI/CandidateExperience/en/sites/CX_1001/job/585
2025-02-18 20:23:01 | INFO | Added yesterday's job: Stats Perform is hiring for Software Engineer I | Bangalore
2025-02-18 20:23:02 | INFO | Processing job detail page: https://www.jobfound.org/job/wabtec-is-hiring-for-intern-engineering-or-freshers-software-engineer
2025-02-18 20:23:04 | INFO | Popup dismissed
2025-02-18 20:23:11 | INFO | Found apply link: https://wabtec.wd1.myworkdayjobs.com/wabtec_careers/job/Bengaluru-India/Intern---Engineering_R0094415?source=KrishanKumarLinkedin
2025-02-18 20:23:11 | INFO | Added yesterday's job: Wabtec is hiring for Intern - Engineering | Freshers
2025-02-18 20:23:12 | INFO | Processing job detail page: https://www.jobfound.org/job/klenty-is-hiring-for-mern-stack-developer-or-apply-now-software-engineer
2025-02-18 20:23:20 | INFO | Found apply link: https://cutshort.io/job/MERN-Stack-Developer-Chennai-Klenty-India-Pvt-Ltd-2iQiyr7Z?applicationsource=linkedin-feed
2025-02-18 20:23:21 | INFO | Added yesterday's job: Klenty is hiring for MERN Stack Developer | Apply Now
2025-02-18 20:23:22 | INFO | Processing job detail page: https://www.jobfound.org/job/capital-one-is-hiring-for-software-engineering-intern-freshers
2025-02-18 20:23:28 | INFO | Found older job after processing current jobs. Stopping collection.
2025-02-18 20:23:28 | INFO | Successfully scraped 19 jobs (Today: 6, Yesterday: 13)
2025-02-18 20:23:31 | INFO | Function scrape_jobs took 268.49 seconds
2025-02-18 20:23:31 | INFO | Found 19 jobs from scraping
2025-02-18 20:23:31 | INFO | Storing jobs in database...
2025-02-18 20:23:31 | INFO | Found 6 new jobs to store
2025-02-18 20:23:31 | INFO | Attempting to store 6 jobs
2025-02-18 20:23:31 | INFO | Prepared job for storage: Symplr is hiring for Software Engineer | Bengaluru
2025-02-18 20:23:31 | INFO | Prepared job for storage: OneOrigin is hiring for Junior Software Engineer | Bengaluru
2025-02-18 20:23:31 | INFO | Prepared job for storage: Traveloka is hiring for Software Engineer | India
2025-02-18 20:23:31 | INFO | Prepared job for storage: A.P. Moller - Maersk is hiring for Software Engineer | Bangalore
2025-02-18 20:23:31 | INFO | Prepared job for storage: RoboMQ is hiring for Software Engineer | Jaipur
2025-02-18 20:23:31 | INFO | Prepared job for storage: InstaResz is hiring for PostgreSQL Developer Intern | Freshers
2025-02-18 20:23:31 | INFO | Successfully stored 6 jobs
2025-02-18 20:23:31 | INFO | Successfully stored 6 new jobs
2025-02-18 20:23:36 | INFO | Email sent successfully to prasanthranger09@gmail.com
2025-02-18 20:23:36 | INFO | Function scrape_and_process_jobs took 273.69 seconds
