2025-04-05 23:11:40 | INFO | Starting up the application...
2025-04-05 23:11:40 | INFO | Scheduled job scraping for 18:00
2025-04-05 23:11:40 | INFO | Scheduler initialized successfully
2025-04-05 23:11:40 | INFO | Application startup completed successfully
2025-04-05 23:14:39 | INFO | Starting scraping task for source_id: None
2025-04-05 23:14:39 | INFO | Starting job scraping at 2025-04-05 23:14:39.847350 for source_id: None
2025-04-05 23:14:40 | INFO | Found 2 active sources to scrape
2025-04-05 23:14:40 | INFO | Processing source: JobFound Portal (ID: 1)
2025-04-05 23:14:50 | SUCCESS | Driver initialized successfully
2025-04-05 23:14:50 | INFO | Network Conditions: {"downlink": 1.7, "rtt": 100, "type": "4g"}
2025-04-05 23:14:50 | INFO | Accessing https://www.jobfound.org/
2025-04-05 23:14:56 | INFO | Starting URL collection from: https://www.jobfound.org/
2025-04-05 23:15:06 | INFO | Total job URLs collected: 438
2025-04-05 23:15:06 | INFO | Function collect_job_urls took 9.94 seconds
2025-04-05 23:15:06 | INFO | Found 20 job URLs
2025-04-05 23:15:58 | WARNING | Error getting apply link for https://www.jobfound.org/job/soti-is-hiring-for-associate-software-developer-or-kochi-software-engineer: Message: 

2025-04-05 23:15:58 | INFO | Scraped: Associate Software Developer
2025-04-05 23:16:02 | INFO | Scraped: Associate Software Developer
2025-04-05 23:16:09 | INFO | Scraped: Software Engineer I
2025-04-05 23:16:15 | INFO | Scraped: Software Development
2025-04-05 23:16:19 | INFO | Scraped: SDET
2025-04-05 23:16:26 | INFO | Scraped: Software Engineer - Intern
2025-04-05 23:16:32 | INFO | Scraped: DevOps Developer
2025-04-05 23:16:36 | INFO | Scraped: Software Engineer (React)
2025-04-05 23:16:51 | WARNING | Error getting apply link for https://www.jobfound.org/job/newfold-digital-is-hiring-for-software-engineer-or-mumbai-software-engineer: Message: 

2025-04-05 23:16:51 | INFO | Scraped: Software Engineer
2025-04-05 23:16:52 | INFO | Function cleanup_memory took 0.11 seconds
2025-04-05 23:16:52 | INFO | Performance Metrics: {"memory_usage_percent": 59.64682249770795, "total_js_heap": 27437195, "used_js_heap": 16365415}
2025-04-05 23:16:55 | INFO | Scraped: Software Engineer
2025-04-05 23:16:58 | INFO | Scraped: Fullstack Developer Intern
2025-04-05 23:17:14 | WARNING | Error getting apply link for https://www.jobfound.org/job/metlife-is-hiring-for-engineer-i-or-hyderabad-software-engineer: Message: 

2025-04-05 23:17:14 | INFO | Scraped: Engineer I
2025-04-05 23:17:18 | INFO | Scraped: Engineer I
2025-04-05 23:17:23 | INFO | Scraped: Software Development Engineer - AOSP
2025-04-05 23:17:28 | INFO | Scraped: Front End Developer
2025-04-05 23:17:37 | INFO | Scraped: Associate Software Engineer
2025-04-05 23:17:42 | INFO | Scraped: Engineer- Gen AI, UI
2025-04-05 23:17:45 | INFO | Scraped: Web Developer
2025-04-05 23:17:49 | INFO | Scraped: Software Engineer Intern
2025-04-05 23:17:49 | INFO | Performance Metrics: {"memory_usage_percent": 55.794171480959406, "total_js_heap": 209812577, "used_js_heap": 117063189}
2025-04-05 23:17:51 | INFO | Function scrape_jobs took 191.78 seconds
2025-04-05 23:17:51 | INFO | Found 19 jobs from scraping source: JobFound Portal
2025-04-05 23:17:52 | INFO | Found 10 new jobs to store from source: JobFound Portal
2025-04-05 23:18:12 | INFO | Processing source: JobFound Portal for Remote Job (ID: 2)
2025-04-05 23:18:18 | SUCCESS | Driver initialized successfully
2025-04-05 23:18:18 | INFO | Network Conditions: {"downlink": 1.55, "rtt": 100, "type": "4g"}
2025-04-05 23:18:18 | INFO | Accessing https://www.jobfound.org/remote
2025-04-05 23:18:21 | INFO | Starting URL collection from: https://www.jobfound.org/remote
2025-04-05 23:18:24 | INFO | Total job URLs collected: 30
2025-04-05 23:18:24 | INFO | Function collect_job_urls took 3.02 seconds
2025-04-05 23:18:24 | INFO | Found 20 job URLs
2025-04-05 23:19:04 | WARNING | Error getting apply link for https://www.jobfound.org/job/pioneers-is-hiring-for-full-stack-developer-intern-pythonorflutter-or-remote-full-stack-development: Message: 

2025-04-05 23:19:04 | INFO | Scraped: Full Stack Developer Intern – Python
2025-04-05 23:19:06 | INFO | Scraped: Full Stack Developer Intern – Python
2025-04-05 23:19:24 | WARNING | Error getting apply link for https://www.jobfound.org/job/humana-is-hiring-for-graduate-analytics-intern-enterprise-ai-summer-2025-or-remote-graduate-engineer-trainee: Message: 

2025-04-05 23:19:24 | INFO | Scraped: Graduate Analytics Intern - Enterprise AI (Summer 2025)
2025-04-05 23:19:28 | INFO | Scraped: Graduate Analytics Intern - Enterprise AI (Summer 2025)
2025-04-05 23:19:33 | INFO | Scraped: Software Development Engineer 1
2025-04-05 23:19:36 | INFO | Scraped: Software Engineer Intern
2025-04-05 23:19:39 | INFO | Scraped: Data Entry Specialist
2025-04-05 23:19:44 | INFO | Scraped: Remote Accounting-Data Entry Assistant
2025-04-05 23:19:49 | INFO | Scraped: Remote -Data Entry Clerk
2025-04-05 23:19:49 | INFO | Function cleanup_memory took 0.15 seconds
2025-04-05 23:19:49 | INFO | Performance Metrics: {"memory_usage_percent": 53.801950066235115, "total_js_heap": 198971498, "used_js_heap": 107050546}
2025-04-05 23:19:53 | INFO | Scraped: Front End Developer
2025-04-05 23:19:56 | INFO | Scraped: Software Engineer, Distributed Systems
2025-04-05 23:20:04 | INFO | Scraped: 2025 Intern - Software Engineer
2025-04-05 23:20:10 | INFO | Scraped: Data Engineering Intern
2025-04-05 23:20:18 | INFO | Performance Metrics: {"memory_usage_percent": 47.99272226835527, "total_js_heap": 227712161, "used_js_heap": 109285265}
2025-04-05 23:20:20 | INFO | Function scrape_jobs took 127.94 seconds
2025-04-05 23:20:20 | INFO | Found 13 jobs from scraping source: JobFound Portal for Remote Job
2025-04-05 23:20:21 | INFO | Found 7 new jobs to store from source: JobFound Portal for Remote Job
2025-04-05 23:20:46 | INFO | Email sent successfully to prasanthranger09@gmail.com
2025-04-05 23:20:46 | INFO | Function scrape_and_process_jobs took 367.11 seconds
2025-04-06 18:00:00 | INFO | Starting job scraping at 2025-04-06 18:00:00.072266 for source_id: None
2025-04-06 18:00:00 | INFO | Found 2 active sources to scrape
2025-04-06 18:00:00 | INFO | Processing source: JobFound Portal (ID: 1)
2025-04-06 18:00:29 | SUCCESS | Driver initialized successfully
2025-04-06 18:00:29 | INFO | Network Conditions: {"downlink": 1.6, "rtt": 100, "type": "4g"}
2025-04-06 18:00:29 | INFO | Accessing https://www.jobfound.org/
2025-04-06 18:00:57 | INFO | Starting URL collection from: https://www.jobfound.org/
2025-04-06 18:01:07 | INFO | Total job URLs collected: 436
2025-04-06 18:01:07 | INFO | Function collect_job_urls took 9.52 seconds
2025-04-06 18:01:07 | INFO | Found 20 job URLs
2025-04-06 18:01:38 | INFO | Scraped: SQL Developer Intern
2025-04-06 18:01:46 | INFO | Scraped: Software Development Engineer
2025-04-06 18:01:57 | INFO | Scraped: Multiple SDE Roles
2025-04-06 18:02:02 | INFO | Scraped: Cybersecurity - Content Creation
2025-04-06 18:02:13 | INFO | Scraped: Software Engineer - QA Automation (Entry Level)
2025-04-06 18:02:21 | INFO | Scraped: Full-time frontend engineer - In Person
2025-04-06 18:02:33 | INFO | Scraped: Junior Systems Programmer (Java
2025-04-06 18:02:39 | INFO | Scraped: Software Development Engineer I
2025-04-06 18:02:47 | INFO | Scraped: Associate Software Developer
2025-04-06 18:02:47 | INFO | Function cleanup_memory took 0.22 seconds
2025-04-06 18:02:47 | INFO | Performance Metrics: {"memory_usage_percent": 62.8613920619043, "total_js_heap": 199781920, "used_js_heap": 125585696}
2025-04-06 18:02:55 | INFO | Scraped: SDE-1
2025-04-06 18:03:02 | INFO | Scraped: Software Engineer I
2025-04-06 18:03:11 | INFO | Scraped: Software Development
2025-04-06 18:03:15 | INFO | Scraped: SDET
2025-04-06 18:03:23 | INFO | Scraped: Software Engineer - Intern
2025-04-06 18:03:33 | INFO | Scraped: DevOps Developer
2025-04-06 18:03:43 | INFO | Performance Metrics: {"memory_usage_percent": 55.524288629130204, "total_js_heap": 205628711, "used_js_heap": 114173879}
2025-04-06 18:03:45 | INFO | Function scrape_jobs took 225.21 seconds
2025-04-06 18:03:45 | INFO | Found 15 jobs from scraping source: JobFound Portal
2025-04-06 18:03:46 | INFO | Found 8 new jobs to store from source: JobFound Portal
2025-04-06 18:04:07 | INFO | Processing source: JobFound Portal for Remote Job (ID: 2)
2025-04-06 18:04:11 | SUCCESS | Driver initialized successfully
2025-04-06 18:04:11 | INFO | Network Conditions: {"downlink": 1.65, "rtt": 100, "type": "4g"}
2025-04-06 18:04:11 | INFO | Accessing https://www.jobfound.org/remote
2025-04-06 18:04:30 | INFO | Starting URL collection from: https://www.jobfound.org/remote
2025-04-06 18:04:39 | INFO | Total job URLs collected: 30
2025-04-06 18:04:39 | INFO | Function collect_job_urls took 8.28 seconds
2025-04-06 18:04:39 | INFO | Found 20 job URLs
2025-04-06 18:05:30 | WARNING | Page load failed for https://www.jobfound.org/job/sayari-is-hiring-for-data-engineer-intern-or-freshers-software-engineer: Message: timeout: Timed out receiving message from renderer: 29.694
  (Session info: chrome=134.0.6998.178)
Stacktrace:
	GetHandleVerifier [0x0103C7F3+24435]
	(No symbol) [0x00FC2074]
	(No symbol) [0x00E906E3]
	(No symbol) [0x00E8121B]
	(No symbol) [0x00E80F51]
	(No symbol) [0x00E7EE30]
	(No symbol) [0x00E7F9DD]
	(No symbol) [0x00E8BFE9]
	(No symbol) [0x00E9D975]
	(No symbol) [0x00EA3236]
	(No symbol) [0x00E7FFED]
	(No symbol) [0x00E9D718]
	(No symbol) [0x00F1F4F8]
	(No symbol) [0x00EFD5B6]
	(No symbol) [0x00ECC54F]
	(No symbol) [0x00ECD894]
	GetHandleVerifier [0x013470A3+3213347]
	GetHandleVerifier [0x0135B0C9+3295305]
	GetHandleVerifier [0x0135558C+3271948]
	GetHandleVerifier [0x010D7360+658144]
	(No symbol) [0x00FCB27D]
	(No symbol) [0x00FC8208]
	(No symbol) [0x00FC83A9]
	(No symbol) [0x00FBAAC0]
	BaseThreadInitThunk [0x77195D49+25]
	RtlInitializeExceptionChain [0x77CFCF0B+107]
	RtlGetAppContainerNamedObjectPath [0x77CFCE91+561]

2025-04-06 18:05:30 | WARNING | Network-related error for https://www.jobfound.org/job/sayari-is-hiring-for-data-engineer-intern-or-freshers-software-engineer: Message: timeout: Timed out receiving message from renderer: 29.694
  (Session info: chrome=134.0.6998.178)
Stacktrace:
	GetHandleVerifier [0x0103C7F3+24435]
	(No symbol) [0x00FC2074]
	(No symbol) [0x00E906E3]
	(No symbol) [0x00E8121B]
	(No symbol) [0x00E80F51]
	(No symbol) [0x00E7EE30]
	(No symbol) [0x00E7F9DD]
	(No symbol) [0x00E8BFE9]
	(No symbol) [0x00E9D975]
	(No symbol) [0x00EA3236]
	(No symbol) [0x00E7FFED]
	(No symbol) [0x00E9D718]
	(No symbol) [0x00F1F4F8]
	(No symbol) [0x00EFD5B6]
	(No symbol) [0x00ECC54F]
	(No symbol) [0x00ECD894]
	GetHandleVerifier [0x013470A3+3213347]
	GetHandleVerifier [0x0135B0C9+3295305]
	GetHandleVerifier [0x0135558C+3271948]
	GetHandleVerifier [0x010D7360+658144]
	(No symbol) [0x00FCB27D]
	(No symbol) [0x00FC8208]
	(No symbol) [0x00FC83A9]
	(No symbol) [0x00FBAAC0]
	BaseThreadInitThunk [0x77195D49+25]
	RtlInitializeExceptionChain [0x77CFCF0B+107]
	RtlGetAppContainerNamedObjectPath [0x77CFCE91+561]

2025-04-06 18:05:30 | WARNING | Attempt 1/3 failed: Message: timeout: Timed out receiving message from renderer: 29.694
  (Session info: chrome=134.0.6998.178)
Stacktrace:
	GetHandleVerifier [0x0103C7F3+24435]
	(No symbol) [0x00FC2074]
	(No symbol) [0x00E906E3]
	(No symbol) [0x00E8121B]
	(No symbol) [0x00E80F51]
	(No symbol) [0x00E7EE30]
	(No symbol) [0x00E7F9DD]
	(No symbol) [0x00E8BFE9]
	(No symbol) [0x00E9D975]
	(No symbol) [0x00EA3236]
	(No symbol) [0x00E7FFED]
	(No symbol) [0x00E9D718]
	(No symbol) [0x00F1F4F8]
	(No symbol) [0x00EFD5B6]
	(No symbol) [0x00ECC54F]
	(No symbol) [0x00ECD894]
	GetHandleVerifier [0x013470A3+3213347]
	GetHandleVerifier [0x0135B0C9+3295305]
	GetHandleVerifier [0x0135558C+3271948]
	GetHandleVerifier [0x010D7360+658144]
	(No symbol) [0x00FCB27D]
	(No symbol) [0x00FC8208]
	(No symbol) [0x00FC83A9]
	(No symbol) [0x00FBAAC0]
	BaseThreadInitThunk [0x77195D49+25]
	RtlInitializeExceptionChain [0x77CFCF0B+107]
	RtlGetAppContainerNamedObjectPath [0x77CFCE91+561]

2025-04-06 18:05:49 | INFO | Scraped: Data Engineer Intern
2025-04-06 18:06:00 | INFO | Scraped: Software Engineer Intern
2025-04-06 18:06:13 | INFO | Scraped: Software Engineering Intern
2025-04-06 18:06:21 | INFO | Scraped: Systems Engineer- Intern
2025-04-06 18:06:24 | INFO | Scraped: Platform Engineering Intern
2025-04-06 18:06:42 | WARNING | Error getting apply link for https://www.jobfound.org/job/outlier-is-hiring-for-flexible-remote-role-for-cs-students-and-grads-ai-coding-trainer-or-remote-software-engineer: Message: 

2025-04-06 18:06:42 | INFO | Scraped: Flexible Remote Role for CS Students & Grads: AI Coding Trainer
2025-04-06 18:06:48 | INFO | Scraped: Flexible Remote Role for CS Students & Grads: AI Coding Trainer
2025-04-06 18:06:54 | INFO | Scraped: Systems Engineer I
2025-04-06 18:07:02 | INFO | Scraped: Data Entry Specialist
2025-04-06 18:07:03 | INFO | Function cleanup_memory took 0.17 seconds
2025-04-06 18:07:03 | INFO | Performance Metrics: {"memory_usage_percent": 73.79163090815143, "total_js_heap": 225945017, "used_js_heap": 166728513}
2025-04-06 18:07:15 | INFO | Scraped: Data Entry Specialist
2025-04-06 18:07:19 | INFO | Scraped: Data Entry Clerk
2025-04-06 18:07:24 | INFO | Scraped: Data Entry Specialist
2025-04-06 18:07:37 | INFO | Scraped: Full Stack Developer Intern
2025-04-06 18:07:42 | INFO | Scraped: Entry Level Data Entry
2025-04-06 18:07:51 | INFO | Scraped: Graduate Analytics Intern - Enterprise AI (Summer 2025)
2025-04-06 18:07:56 | INFO | Scraped: Software Engineer Intern
2025-04-06 18:08:04 | INFO | Scraped: Software Development Engineer 1
2025-04-06 18:08:11 | INFO | Scraped: Software Engineer Intern
2025-04-06 18:08:14 | INFO | Performance Metrics: {"memory_usage_percent": 54.18368425600837, "total_js_heap": 198725023, "used_js_heap": 107676539}
2025-04-06 18:08:16 | INFO | Function scrape_jobs took 248.89 seconds
2025-04-06 18:08:16 | INFO | Found 18 jobs from scraping source: JobFound Portal for Remote Job
2025-04-06 18:08:17 | INFO | Found 13 new jobs to store from source: JobFound Portal for Remote Job
2025-04-06 18:08:46 | INFO | Email sent successfully to prasanthranger09@gmail.com
2025-04-06 18:08:46 | INFO | Function scrape_and_process_jobs took 526.34 seconds
2025-04-07 07:35:41 | INFO | Starting job scraping at 2025-04-07 07:35:41.618768 for source_id: None
2025-04-07 07:35:41 | INFO | Found 2 active sources to scrape
2025-04-07 07:35:42 | INFO | Processing source: JobFound Portal (ID: 1)
