2025-02-19 00:11:49 | INFO | Starting up the application...
2025-02-19 00:11:49 | INFO | Scheduled job scraping for 10:30
2025-02-19 00:11:49 | INFO | Scheduler initialized successfully
2025-02-19 00:11:49 | INFO | Application startup completed successfully
2025-02-19 00:43:19 | INFO | Shutting down the application...
2025-02-19 00:43:19 | INFO | Application shutdown completed successfully
2025-02-19 00:43:25 | INFO | Starting up the application...
2025-02-19 00:43:25 | INFO | Scheduled job scraping for 10:30
2025-02-19 00:43:25 | INFO | Scheduler initialized successfully
2025-02-19 00:43:25 | INFO | Application startup completed successfully
2025-02-19 00:44:23 | INFO | Shutting down the application...
2025-02-19 00:44:23 | INFO | Application shutdown completed successfully
2025-02-19 00:44:25 | INFO | Starting up the application...
2025-02-19 00:44:25 | INFO | Scheduled job scraping for 10:30
2025-02-19 00:44:25 | INFO | Scheduler initialized successfully
2025-02-19 00:44:25 | INFO | Application startup completed successfully
2025-02-19 00:45:16 | INFO | Shutting down the application...
2025-02-19 00:45:16 | INFO | Application shutdown completed successfully
2025-02-19 00:45:19 | INFO | Starting up the application...
2025-02-19 00:45:19 | INFO | Scheduled job scraping for 10:30
2025-02-19 00:45:19 | INFO | Scheduler initialized successfully
2025-02-19 00:45:19 | INFO | Application startup completed successfully
2025-02-19 00:45:55 | INFO | Shutting down the application...
2025-02-19 00:45:55 | INFO | Application shutdown completed successfully
2025-02-19 00:45:57 | INFO | Starting up the application...
2025-02-19 00:45:57 | INFO | Scheduled job scraping for 10:30
2025-02-19 00:45:57 | INFO | Scheduler initialized successfully
2025-02-19 00:45:57 | INFO | Application startup completed successfully
2025-02-19 00:51:27 | INFO | Shutting down the application...
2025-02-19 00:51:27 | INFO | Application shutdown completed successfully
2025-02-19 00:51:30 | INFO | Starting up the application...
2025-02-19 00:51:30 | INFO | Scheduled job scraping for 10:30
2025-02-19 00:51:30 | INFO | Scheduler initialized successfully
2025-02-19 00:51:30 | INFO | Application startup completed successfully
2025-02-19 00:55:33 | INFO | Shutting down the application...
2025-02-19 00:55:33 | INFO | Application shutdown completed successfully
2025-02-19 00:55:36 | INFO | Starting up the application...
2025-02-19 00:55:36 | INFO | Scheduled job scraping for 10:30
2025-02-19 00:55:36 | INFO | Scheduler initialized successfully
2025-02-19 00:55:36 | INFO | Application startup completed successfully
2025-02-19 01:03:05 | INFO | Starting job scraping at 2025-02-19 01:03:05.815821
2025-02-19 01:03:05 | INFO | Starting job scraping...
2025-02-19 01:03:30 | INFO | Accessing https://www.jobfound.org/
2025-02-19 01:03:39 | INFO | Collecting job URLs...
2025-02-19 01:04:05 | INFO | Found 600 job URLs
2025-02-19 01:04:05 | INFO | Processing job detail page: https://www.jobfound.org/job/qualys-is-hiring-for-software-engineer
2025-02-19 01:04:21 | WARNING | Error getting posting date: Message: 
Stacktrace:
	GetHandleVerifier [0x00EC02D3+25139]
	(No symbol) [0x00E4B284]
	(No symbol) [0x00D204A3]
	(No symbol) [0x00D68338]
	(No symbol) [0x00D6868B]
	(No symbol) [0x00DB0F62]
	(No symbol) [0x00D8CF84]
	(No symbol) [0x00DAE6E1]
	(No symbol) [0x00D8CD36]
	(No symbol) [0x00D5BD29]
	(No symbol) [0x00D5D064]
	GetHandleVerifier [0x011CB193+3215603]
	GetHandleVerifier [0x011E230A+3310186]
	GetHandleVerifier [0x011DC522+3286146]
	GetHandleVerifier [0x00F59CD0+654384]
	(No symbol) [0x00E5460D]
	(No symbol) [0x00E514F8]
	(No symbol) [0x00E51697]
	(No symbol) [0x00E43D70]
	BaseThreadInitThunk [0x76A75D49+25]
	RtlInitializeExceptionChain [0x775DCDEB+107]
	RtlGetAppContainerNamedObjectPath [0x775DCD71+561]

2025-02-19 01:04:21 | INFO | Processing job detail page: https://www.jobfound.org/job/winvesta-is-hiring-for-junior-back-end-developer-or-surat-backend-development
2025-02-19 01:04:24 | INFO | Popup dismissed
2025-02-19 01:04:29 | INFO | Found apply link: https://www.linkedin.com/jobs/view/4156969124/
2025-02-19 01:04:29 | INFO | Added yesterday's job: Winvesta is hiring for Junior Back-end Developer | Surat
2025-02-19 01:04:30 | INFO | Processing job detail page: https://www.jobfound.org/job/angel-and-genie-is-hiring-for-full-stack-software-development-engineer-or-bengaluru-full-stack-development
2025-02-19 01:04:40 | INFO | Found apply link: https://www.shine.com/jobs/full-stack-software-development-engineer-sde-1/angel-and-genie/16625339?utm_source=linkedin-feed&amp;utm_medium=referral&amp;utm_campaign=linkedin-feed&amp;auto_apply=true
2025-02-19 01:04:40 | INFO | Added yesterday's job: Angel and Genie is hiring for Full Stack Software Development Engineer | Bengaluru
2025-02-19 01:04:41 | INFO | Processing job detail page: https://www.jobfound.org/job/healthedge-is-hiring-for-associate-software-development-engineer-in-test-or-bengaluru-sdet
2025-02-19 01:04:49 | INFO | Found apply link: https://www.linkedin.com/jobs/view/4157781303/
2025-02-19 01:04:49 | INFO | Added yesterday's job: HealthEdge is hiring for Associate Software Development Engineer in Test | Bengaluru
2025-02-19 01:04:50 | INFO | Processing job detail page: https://www.jobfound.org/job/zoomrx-is-hiring-for-software-development-engineer-or-chennai-software-engineer
2025-02-19 01:04:54 | INFO | Popup dismissed
2025-02-19 01:04:56 | INFO | Found apply link: https://www.linkedin.com/jobs/view/4153624994/
2025-02-19 01:04:56 | INFO | Added yesterday's job: ZoomRx is hiring for Software Development Engineer | Chennai
2025-02-19 01:04:57 | INFO | Processing job detail page: https://www.jobfound.org/job/advanced-sterilization-products-is-hiring-for-software-intern-or-bengaluru-south-software-engineer
2025-02-19 01:05:19 | INFO | Found apply link: https://fortive.eightfold.ai/careers/job/893380022779?domain=fortive.com
2025-02-19 01:05:19 | INFO | Added yesterday's job: Advanced Sterilization Products is hiring for Software Intern | Bengaluru South
2025-02-19 01:05:20 | INFO | Processing job detail page: https://www.jobfound.org/job/symplr-is-hiring-for-software-engineer-or-bengaluru-software-engineer
2025-02-19 01:05:28 | INFO | Found apply link: https://www.linkedin.com/jobs/view/4156600911/?alternateChannel=search
2025-02-19 01:05:28 | INFO | Added yesterday's job: Symplr is hiring for Software Engineer | Bengaluru
2025-02-19 01:05:29 | INFO | Processing job detail page: https://www.jobfound.org/job/oneorigin-is-hiring-for-junior-software-engineer-or-bengaluru-software-engineer
2025-02-19 01:05:37 | INFO | Found apply link: https://www.linkedin.com/jobs/view/4156972768/?alternateChannel=search
2025-02-19 01:05:37 | INFO | Added yesterday's job: OneOrigin is hiring for Junior Software Engineer | Bengaluru
2025-02-19 01:05:38 | INFO | Processing job detail page: https://www.jobfound.org/job/traveloka-is-hiring-for-software-engineer-or-india-software-engineer
2025-02-19 01:05:53 | INFO | Found apply link: https://traveloka.wd3.myworkdayjobs.com/Traveloka/job/India---Local-Office/Software-Engineer_R0004665
2025-02-19 01:05:53 | INFO | Added yesterday's job: Traveloka is hiring for Software Engineer | India
2025-02-19 01:05:54 | INFO | Processing job detail page: https://www.jobfound.org/job/ap-moller-maersk-is-hiring-for-software-engineer-or-bangalore-software-engineer
2025-02-19 01:06:05 | INFO | Found apply link: https://maersk.wd3.myworkdayjobs.com/Maersk_Careers/job/IN---Bangalore/Software-Engineer_R138000-1?source=LinkedIn
2025-02-19 01:06:05 | INFO | Added yesterday's job: A.P. Moller - Maersk is hiring for Software Engineer | Bangalore
2025-02-19 01:06:06 | INFO | Processing job detail page: https://www.jobfound.org/job/robomq-is-hiring-for-software-engineer-or-jaipur-software-engineer
2025-02-19 01:06:13 | INFO | Found apply link: https://www.linkedin.com/jobs/view/4155864023/?alternateChannel=search
2025-02-19 01:06:13 | INFO | Added yesterday's job: RoboMQ is hiring for Software Engineer | Jaipur
2025-02-19 01:06:14 | INFO | Processing job detail page: https://www.jobfound.org/job/instaresz-is-hiring-for-postgresql-developer-intern-or-freshers-frontend-development
2025-02-19 01:06:32 | INFO | Found apply link: https://unstop.com/internships/postgresql-developer-internship-instaresz-business-services-private-limited-1396329?lb=pPdleTH
2025-02-19 01:06:33 | INFO | Added yesterday's job: InstaResz is hiring for PostgreSQL Developer Intern | Freshers
2025-02-19 01:06:34 | INFO | Processing job detail page: https://www.jobfound.org/job/tisac-is-hiring-for-frontend-developer-intern-or-remote-software-engineer
2025-02-19 01:06:38 | INFO | Popup dismissed
2025-02-19 01:06:38 | INFO | Found older job after processing current jobs. Stopping collection.
2025-02-19 01:06:38 | INFO | Successfully scraped 11 jobs (Today: 0, Yesterday: 11)
2025-02-19 01:06:40 | INFO | Function scrape_jobs took 214.84 seconds
2025-02-19 01:06:40 | INFO | Found 11 jobs from scraping
2025-02-19 01:06:40 | INFO | Storing jobs in database...
2025-02-19 01:06:40 | INFO | Found 5 new jobs to store
2025-02-19 01:06:40 | INFO | Attempting to store 5 jobs
2025-02-19 01:06:40 | INFO | Prepared job for storage: Winvesta is hiring for Junior Back-end Developer | Surat
2025-02-19 01:06:40 | INFO | Prepared job for storage: Angel and Genie is hiring for Full Stack Software Development Engineer | Bengaluru
2025-02-19 01:06:40 | INFO | Prepared job for storage: HealthEdge is hiring for Associate Software Development Engineer in Test | Bengaluru
2025-02-19 01:06:40 | INFO | Prepared job for storage: ZoomRx is hiring for Software Development Engineer | Chennai
2025-02-19 01:06:40 | INFO | Prepared job for storage: Advanced Sterilization Products is hiring for Software Intern | Bengaluru South
2025-02-19 01:06:40 | INFO | Successfully stored 5 jobs
2025-02-19 01:06:40 | INFO | Successfully stored 5 new jobs
2025-02-19 01:06:45 | INFO | Email sent successfully to prasanthranger09@gmail.com
2025-02-19 01:06:45 | INFO | Function scrape_and_process_jobs took 220.14 seconds
2025-02-19 01:21:27 | INFO | Shutting down the application...
2025-02-19 01:21:27 | INFO | Application shutdown completed successfully
2025-02-19 01:21:30 | INFO | Starting up the application...
2025-02-19 01:21:30 | INFO | Scheduled job scraping for 10:30
2025-02-19 01:21:30 | INFO | Scheduler initialized successfully
2025-02-19 01:21:30 | INFO | Application startup completed successfully
2025-02-19 20:45:26 | INFO | Updated settings in database
2025-02-19 20:45:26 | INFO | Scheduled job scraping for 20:46
2025-02-19 20:46:00 | INFO | Starting job scraping at 2025-02-19 20:46:00.011363
2025-02-19 20:46:00 | INFO | Starting job scraping...
2025-02-19 20:46:08 | INFO | Accessing https://www.jobfound.org/
2025-02-19 20:46:16 | INFO | Collecting job URLs...
2025-02-19 20:46:53 | INFO | Found 600 job URLs
2025-02-19 20:46:53 | INFO | Processing job detail page: https://www.jobfound.org/job/rubrik-software-is-hiring-for-software-engineer-ui-or-bangalore-frontend-development
2025-02-19 20:47:00 | INFO | Found apply link: https://www.rubrik.com/company/careers/departments/job.6625591?gh_jid=6625591&gh_src=2e352a8a1us
2025-02-19 20:47:00 | INFO | Added today's job: Rubrik Software is hiring for Software Engineer - UI | Bangalore
2025-02-19 20:47:01 | INFO | Processing job detail page: https://www.jobfound.org/job/quicko-is-hiring-for-full-stack-developer-or-ahmedabad-full-stack-development
2025-02-19 20:47:10 | INFO | Found apply link: https://quicko.zohorecruit.in/jobs/Careers/166130000000330094/Full-Stack-Developer?source=LinkedIn-Basic&embedsource=LinkedIn+Limited+Listings
2025-02-19 20:47:10 | INFO | Added today's job: Quicko is hiring for Full Stack Developer | Ahmedabad
2025-02-19 20:47:11 | INFO | Processing job detail page: https://www.jobfound.org/job/greyorange-is-hiring-for-engineer-software-development-or-gurgaon-software-engineer
2025-02-19 20:47:22 | INFO | Found apply link: https://portal.turbohire.co/job/publicjobs/1dUzhMe2tYOz9jTRiOZUBM33ka%2Fun53FScvmJpVnk3mMgrCrek2IK3sq6qeQ9mlI?so=li
2025-02-19 20:47:22 | INFO | Added today's job: GreyOrange is hiring for Engineer - Software Development | Gurgaon
2025-02-19 20:47:23 | INFO | Processing job detail page: https://www.jobfound.org/job/unacademy-is-hiring-for-frontend-engineer
2025-02-19 20:47:32 | INFO | Found apply link: https://www.linkedin.com/jobs/view/4156897621/?alternateChannel=search
2025-02-19 20:47:32 | INFO | Added today's job: Unacademy is hiring for Frontend Engineer | Bangalore
2025-02-19 20:47:33 | INFO | Processing job detail page: https://www.jobfound.org/job/target-is-hiring-for-engineer-frontend-or-bangalore-software-engineer
2025-02-19 20:47:35 | INFO | Popup dismissed
2025-02-19 20:47:42 | INFO | Found apply link: https://cuvette.tech/app/other-jobs/67b573d1a1edb46758611732?referralCode=FHZR3S
2025-02-19 20:47:42 | INFO | Added today's job: Target is hiring for Engineer -Frontend | Bangalore
2025-02-19 20:47:44 | INFO | Processing job detail page: https://www.jobfound.org/job/amadeus-is-hiring-for-associate-software-development-engineer-or-pune-software-engineer
2025-02-19 20:48:06 | INFO | Found apply link: https://amadeus.wd3.myworkdayjobs.com/jobs/job/Pune/Associate-Software-Development-Engineer_R25472-1?source=LinkedIn
2025-02-19 20:48:06 | INFO | Added today's job: Amadeus is hiring for Associate Software Development Engineer | Pune
2025-02-19 20:48:07 | INFO | Processing job detail page: https://www.jobfound.org/job/adda247-is-hiring-for-sdet-1-or-gurugram-sdet
2025-02-19 20:48:08 | INFO | Popup dismissed
2025-02-19 20:48:16 | INFO | Found apply link: https://adda247.keka.com/careers/jobdetails/77643?source=linkedin
2025-02-19 20:48:16 | INFO | Added today's job: Adda247 is hiring for SDET- 1 | Gurugram
2025-02-19 20:48:17 | INFO | Processing job detail page: https://www.jobfound.org/job/meesho-is-hiring-for-frontend-developer-or-bangalore
2025-02-19 20:48:19 | INFO | Popup dismissed
2025-02-19 20:48:21 | INFO | Found apply link: https://www.linkedin.com/jobs/view/4157788807/?alternateChannel=search
2025-02-19 20:48:21 | INFO | Added today's job: Meesho is hiring for Frontend Developer | Bangalore
2025-02-19 20:48:22 | INFO | Processing job detail page: https://www.jobfound.org/job/z1-tech-is-hiring-for-junior-frontend-developer-or-gurgaon-frontend-development
2025-02-19 20:48:23 | INFO | Popup dismissed
2025-02-19 20:48:32 | INFO | Found apply link: https://jobs.lever.co/z1tech/74865c26-7b56-447e-a674-52957d609395/
2025-02-19 20:48:32 | INFO | Added today's job: Z1 Tech is hiring for Junior Frontend Developer | Gurgaon
2025-02-19 20:48:33 | INFO | Processing job detail page: https://www.jobfound.org/job/clearfeed-is-hiring-for-software-engineer
2025-02-19 20:48:35 | INFO | Popup dismissed
2025-02-19 20:48:37 | INFO | Found apply link: https://clearfeed.keka.com/careers/jobdetails/151?source=linkedin
2025-02-19 20:48:37 | INFO | Added today's job: ClearFeed is hiring for Software Engineer | Freshers
2025-02-19 20:48:38 | INFO | Processing job detail page: https://www.jobfound.org/job/qualys-is-hiring-for-software-engineer
2025-02-19 20:48:45 | INFO | Found apply link: https://cuvette.tech/app/other-jobs/67b430f18b873bcb29c5e00c?referralCode=FHZR3S
2025-02-19 20:48:45 | INFO | Added yesterday's job: Qualys is hiring for Software Engineer | Pune
2025-02-19 20:48:46 | INFO | Processing job detail page: https://www.jobfound.org/job/winvesta-is-hiring-for-junior-back-end-developer-or-surat-backend-development
2025-02-19 20:48:48 | INFO | Popup dismissed
2025-02-19 20:48:49 | INFO | Found apply link: https://www.linkedin.com/jobs/view/4156969124/
2025-02-19 20:48:49 | INFO | Added yesterday's job: Winvesta is hiring for Junior Back-end Developer | Surat
2025-02-19 20:48:50 | INFO | Processing job detail page: https://www.jobfound.org/job/angel-and-genie-is-hiring-for-full-stack-software-development-engineer-or-bengaluru-full-stack-development
2025-02-19 20:48:58 | INFO | Found apply link: https://www.shine.com/jobs/full-stack-software-development-engineer-sde-1/angel-and-genie/16625339?utm_source=linkedin-feed&amp;utm_medium=referral&amp;utm_campaign=linkedin-feed&amp;auto_apply=true
2025-02-19 20:48:58 | INFO | Added yesterday's job: Angel and Genie is hiring for Full Stack Software Development Engineer | Bengaluru
2025-02-19 20:48:59 | INFO | Processing job detail page: https://www.jobfound.org/job/healthedge-is-hiring-for-associate-software-development-engineer-in-test-or-bengaluru-sdet
2025-02-19 20:49:08 | INFO | Found apply link: https://www.linkedin.com/jobs/view/4157781303/
2025-02-19 20:49:08 | INFO | Added yesterday's job: HealthEdge is hiring for Associate Software Development Engineer in Test | Bengaluru
2025-02-19 20:49:09 | INFO | Processing job detail page: https://www.jobfound.org/job/zoomrx-is-hiring-for-software-development-engineer-or-chennai-software-engineer
2025-02-19 20:49:11 | INFO | Popup dismissed
2025-02-19 20:49:13 | INFO | Found apply link: https://www.linkedin.com/jobs/view/4153624994/
2025-02-19 20:49:13 | INFO | Added yesterday's job: ZoomRx is hiring for Software Development Engineer | Chennai
2025-02-19 20:49:14 | INFO | Processing job detail page: https://www.jobfound.org/job/advanced-sterilization-products-is-hiring-for-software-intern-or-bengaluru-south-software-engineer
2025-02-19 20:49:30 | INFO | Found apply link: https://fortive.eightfold.ai/careers/job/893380022779?domain=fortive.com
2025-02-19 20:49:30 | INFO | Added yesterday's job: Advanced Sterilization Products is hiring for Software Intern | Bengaluru South
2025-02-19 20:49:31 | INFO | Processing job detail page: https://www.jobfound.org/job/symplr-is-hiring-for-software-engineer-or-bengaluru-software-engineer
2025-02-19 20:49:40 | INFO | Found apply link: https://www.linkedin.com/jobs/view/4156600911/?alternateChannel=search
2025-02-19 20:49:40 | INFO | Added yesterday's job: Symplr is hiring for Software Engineer | Bengaluru
2025-02-19 20:49:41 | INFO | Processing job detail page: https://www.jobfound.org/job/oneorigin-is-hiring-for-junior-software-engineer-or-bengaluru-software-engineer
2025-02-19 20:49:49 | INFO | Found apply link: https://www.linkedin.com/jobs/view/4156972768/?alternateChannel=search
2025-02-19 20:49:50 | INFO | Added yesterday's job: OneOrigin is hiring for Junior Software Engineer | Bengaluru
2025-02-19 20:49:51 | INFO | Processing job detail page: https://www.jobfound.org/job/traveloka-is-hiring-for-software-engineer-or-india-software-engineer
2025-02-19 20:49:59 | INFO | Found apply link: https://traveloka.wd3.myworkdayjobs.com/Traveloka/job/India---Local-Office/Software-Engineer_R0004665
2025-02-19 20:50:00 | INFO | Added yesterday's job: Traveloka is hiring for Software Engineer | India
2025-02-19 20:50:01 | INFO | Processing job detail page: https://www.jobfound.org/job/ap-moller-maersk-is-hiring-for-software-engineer-or-bangalore-software-engineer
2025-02-19 20:50:09 | INFO | Found apply link: https://maersk.wd3.myworkdayjobs.com/Maersk_Careers/job/IN---Bangalore/Software-Engineer_R138000-1?source=LinkedIn
2025-02-19 20:50:09 | INFO | Added yesterday's job: A.P. Moller - Maersk is hiring for Software Engineer | Bangalore
2025-02-19 20:50:10 | INFO | Reached target of 20 jobs. Stopping collection.
2025-02-19 20:50:10 | INFO | Successfully scraped 20 jobs (Today: 10, Yesterday: 10)
2025-02-19 20:50:13 | INFO | Function scrape_jobs took 253.49 seconds
2025-02-19 20:50:13 | INFO | Found 20 jobs from scraping
2025-02-19 20:50:13 | INFO | Storing jobs in database...
2025-02-19 20:50:13 | INFO | Found 11 new jobs to store
2025-02-19 20:50:13 | INFO | Attempting to store 11 jobs
2025-02-19 20:50:13 | INFO | Prepared job for storage: Rubrik Software is hiring for Software Engineer - UI | Bangalore
2025-02-19 20:50:13 | INFO | Prepared job for storage: Quicko is hiring for Full Stack Developer | Ahmedabad
2025-02-19 20:50:13 | INFO | Prepared job for storage: GreyOrange is hiring for Engineer - Software Development | Gurgaon
2025-02-19 20:50:13 | INFO | Prepared job for storage: Unacademy is hiring for Frontend Engineer | Bangalore
2025-02-19 20:50:13 | INFO | Prepared job for storage: Target is hiring for Engineer -Frontend | Bangalore
2025-02-19 20:50:13 | INFO | Prepared job for storage: Amadeus is hiring for Associate Software Development Engineer | Pune
2025-02-19 20:50:13 | INFO | Prepared job for storage: Adda247 is hiring for SDET- 1 | Gurugram
2025-02-19 20:50:13 | INFO | Prepared job for storage: Meesho is hiring for Frontend Developer | Bangalore
2025-02-19 20:50:13 | INFO | Prepared job for storage: Z1 Tech is hiring for Junior Frontend Developer | Gurgaon
2025-02-19 20:50:13 | INFO | Prepared job for storage: ClearFeed is hiring for Software Engineer | Freshers
2025-02-19 20:50:13 | INFO | Prepared job for storage: Qualys is hiring for Software Engineer | Pune
2025-02-19 20:50:13 | INFO | Successfully stored 11 jobs
2025-02-19 20:50:13 | INFO | Successfully stored 11 new jobs
2025-02-19 20:50:19 | INFO | Email sent successfully to prasanthranger09@gmail.com
2025-02-19 20:50:19 | INFO | Function scrape_and_process_jobs took 259.48 seconds
