2025-02-21 20:46:00 | INFO | Starting job scraping at 2025-02-21 20:46:00.096970
2025-02-21 20:46:00 | INFO | Starting job scraping...
2025-02-21 20:46:10 | INFO | Accessing https://www.jobfound.org/
2025-02-21 20:46:17 | INFO | Collecting job URLs...
2025-02-21 20:46:56 | INFO | Found 600 job URLs
2025-02-21 20:46:56 | INFO | Processing job detail page: https://www.jobfound.org/job/delightree-is-hiring-for-backend-developer-nodejs-or-remote-backend-development
2025-02-21 20:47:03 | WARNING | Error getting apply link: Message: element click intercepted: Element <button class="justify-center whitespace-nowrap ring-offset-background focus-visible:outline-none focus-visible:ring-2 focus-visible:ring-ring focus-visible:ring-offset-2 disabled:pointer-events-none disabled:opacity-50 h-11 bg-blue-600 hover:bg-blue-700 text-white font-semibold px-6 py-4 text-lg rounded-full transition-all duration-200 hover:scale-105 hover:shadow-lg flex items-center gap-2 group">...</button> is not clickable at point (377, 912). Other element would receive the click: <div id="aswift_9_host" style="border: none !important; height: 124px !important; width: 100% !important; margin: 0px !important; padding: 0px !important; position: relative !important; visibility: visible !important; background-color: transparent !important; display: inline-block !important; inset: auto !important; clear: none !important; float: none !important; max-height: none !important; max-width: none !important; opacity: 1 !important; overflow: visible !important; vertical-align: baseline !important; z-index: auto !important;">...</div>
  (Session info: chrome=133.0.6943.100)
Stacktrace:
	GetHandleVerifier [0x00DF0283+25139]
	(No symbol) [0x00D7B234]
	(No symbol) [0x00C504A3]
	(No symbol) [0x00C9E5D0]
	(No symbol) [0x00C9C984]
	(No symbol) [0x00C9A517]
	(No symbol) [0x00C997D4]
	(No symbol) [0x00C8DE55]
	(No symbol) [0x00CBCF3C]
	(No symbol) [0x00C8D8E4]
	(No symbol) [0x00CBD1B4]
	(No symbol) [0x00CDE6E1]
	(No symbol) [0x00CBCD36]
	(No symbol) [0x00C8BD29]
	(No symbol) [0x00C8D064]
	GetHandleVerifier [0x010FB143+3215603]
	GetHandleVerifier [0x011122BA+3310186]
	GetHandleVerifier [0x0110C4D2+3286146]
	GetHandleVerifier [0x00E89C80+654384]
	(No symbol) [0x00D845BD]
	(No symbol) [0x00D814A8]
	(No symbol) [0x00D81647]
	(No symbol) [0x00D73D20]
	BaseThreadInitThunk [0x76CB5D49+25]
	RtlInitializeExceptionChain [0x7778CDEB+107]
	RtlGetAppContainerNamedObjectPath [0x7778CD71+561]

2025-02-21 20:47:04 | INFO | Added today's job: Delightree is hiring for Backend Developer - NodeJS | Remote
2025-02-21 20:47:05 | INFO | Processing job detail page: https://www.jobfound.org/job/gigaml-is-hiring-for-founding-full-stack-engineer-or-bengaluru-full-stack-development
2025-02-21 20:47:12 | WARNING | Error getting apply link: Message: element click intercepted: Element <button class="justify-center whitespace-nowrap ring-offset-background focus-visible:outline-none focus-visible:ring-2 focus-visible:ring-ring focus-visible:ring-offset-2 disabled:pointer-events-none disabled:opacity-50 h-11 bg-blue-600 hover:bg-blue-700 text-white font-semibold px-6 py-4 text-lg rounded-full transition-all duration-200 hover:scale-105 hover:shadow-lg flex items-center gap-2 group">...</button> is not clickable at point (377, 912). Other element would receive the click: <div id="aswift_9_host" style="border: none !important; height: 124px !important; width: 100% !important; margin: 0px !important; padding: 0px !important; position: relative !important; visibility: visible !important; background-color: transparent !important; display: inline-block !important; inset: auto !important; clear: none !important; float: none !important; max-height: none !important; max-width: none !important; opacity: 1 !important; overflow: visible !important; vertical-align: baseline !important; z-index: auto !important;">...</div>
  (Session info: chrome=133.0.6943.100)
Stacktrace:
	GetHandleVerifier [0x00DF0283+25139]
	(No symbol) [0x00D7B234]
	(No symbol) [0x00C504A3]
	(No symbol) [0x00C9E5D0]
	(No symbol) [0x00C9C984]
	(No symbol) [0x00C9A517]
	(No symbol) [0x00C997D4]
	(No symbol) [0x00C8DE55]
	(No symbol) [0x00CBCF3C]
	(No symbol) [0x00C8D8E4]
	(No symbol) [0x00CBD1B4]
	(No symbol) [0x00CDE6E1]
	(No symbol) [0x00CBCD36]
	(No symbol) [0x00C8BD29]
	(No symbol) [0x00C8D064]
	GetHandleVerifier [0x010FB143+3215603]
	GetHandleVerifier [0x011122BA+3310186]
	GetHandleVerifier [0x0110C4D2+3286146]
	GetHandleVerifier [0x00E89C80+654384]
	(No symbol) [0x00D845BD]
	(No symbol) [0x00D814A8]
	(No symbol) [0x00D81647]
	(No symbol) [0x00D73D20]
	BaseThreadInitThunk [0x76CB5D49+25]
	RtlInitializeExceptionChain [0x7778CDEB+107]
	RtlGetAppContainerNamedObjectPath [0x7778CD71+561]

2025-02-21 20:47:12 | INFO | Added today's job: GigaML is hiring for Founding Full Stack Engineer | Bengaluru
2025-02-21 20:47:13 | INFO | Processing job detail page: https://www.jobfound.org/job/pocketly-is-hiring-for-software-developer-or-bengaluru-software-engineer
2025-02-21 20:47:14 | INFO | Popup dismissed
2025-02-21 20:47:17 | WARNING | Error getting apply link: Message: element click intercepted: Element <button class="justify-center whitespace-nowrap ring-offset-background focus-visible:outline-none focus-visible:ring-2 focus-visible:ring-ring focus-visible:ring-offset-2 disabled:pointer-events-none disabled:opacity-50 h-11 bg-blue-600 hover:bg-blue-700 text-white font-semibold px-6 py-4 text-lg rounded-full transition-all duration-200 hover:scale-105 hover:shadow-lg flex items-center gap-2 group">...</button> is not clickable at point (377, 912). Other element would receive the click: <div id="aswift_9_host" style="border: none !important; height: 124px !important; width: 100% !important; margin: 0px !important; padding: 0px !important; position: relative !important; visibility: visible !important; background-color: transparent !important; display: inline-block !important; inset: auto !important; clear: none !important; float: none !important; max-height: none !important; max-width: none !important; opacity: 1 !important; overflow: visible !important; vertical-align: baseline !important; z-index: auto !important;">...</div>
  (Session info: chrome=133.0.6943.100)
Stacktrace:
	GetHandleVerifier [0x00DF0283+25139]
	(No symbol) [0x00D7B234]
	(No symbol) [0x00C504A3]
	(No symbol) [0x00C9E5D0]
	(No symbol) [0x00C9C984]
	(No symbol) [0x00C9A517]
	(No symbol) [0x00C997D4]
	(No symbol) [0x00C8DE55]
	(No symbol) [0x00CBCF3C]
	(No symbol) [0x00C8D8E4]
	(No symbol) [0x00CBD1B4]
	(No symbol) [0x00CDE6E1]
	(No symbol) [0x00CBCD36]
	(No symbol) [0x00C8BD29]
	(No symbol) [0x00C8D064]
	GetHandleVerifier [0x010FB143+3215603]
	GetHandleVerifier [0x011122BA+3310186]
	GetHandleVerifier [0x0110C4D2+3286146]
	GetHandleVerifier [0x00E89C80+654384]
	(No symbol) [0x00D845BD]
	(No symbol) [0x00D814A8]
	(No symbol) [0x00D81647]
	(No symbol) [0x00D73D20]
	BaseThreadInitThunk [0x76CB5D49+25]
	RtlInitializeExceptionChain [0x7778CDEB+107]
	RtlGetAppContainerNamedObjectPath [0x7778CD71+561]

2025-02-21 20:47:17 | INFO | Added today's job: Pocketly is hiring for Software Developer | Bengaluru
2025-02-21 20:47:18 | INFO | Processing job detail page: https://www.jobfound.org/job/navex-is-hiring-for-software-engineer
2025-02-21 20:47:26 | WARNING | Error getting apply link: Message: element click intercepted: Element <button class="justify-center whitespace-nowrap ring-offset-background focus-visible:outline-none focus-visible:ring-2 focus-visible:ring-ring focus-visible:ring-offset-2 disabled:pointer-events-none disabled:opacity-50 h-11 bg-blue-600 hover:bg-blue-700 text-white font-semibold px-6 py-4 text-lg rounded-full transition-all duration-200 hover:scale-105 hover:shadow-lg flex items-center gap-2 group">...</button> is not clickable at point (377, 912). Other element would receive the click: <div id="aswift_9_host" style="border: none !important; height: 124px !important; width: 100% !important; margin: 0px !important; padding: 0px !important; position: relative !important; visibility: visible !important; background-color: transparent !important; display: inline-block !important; inset: auto !important; clear: none !important; float: none !important; max-height: none !important; max-width: none !important; opacity: 1 !important; overflow: visible !important; vertical-align: baseline !important; z-index: auto !important;">...</div>
  (Session info: chrome=133.0.6943.100)
Stacktrace:
	GetHandleVerifier [0x00DF0283+25139]
	(No symbol) [0x00D7B234]
	(No symbol) [0x00C504A3]
	(No symbol) [0x00C9E5D0]
	(No symbol) [0x00C9C984]
	(No symbol) [0x00C9A517]
	(No symbol) [0x00C997D4]
	(No symbol) [0x00C8DE55]
	(No symbol) [0x00CBCF3C]
	(No symbol) [0x00C8D8E4]
	(No symbol) [0x00CBD1B4]
	(No symbol) [0x00CDE6E1]
	(No symbol) [0x00CBCD36]
	(No symbol) [0x00C8BD29]
	(No symbol) [0x00C8D064]
	GetHandleVerifier [0x010FB143+3215603]
	GetHandleVerifier [0x011122BA+3310186]
	GetHandleVerifier [0x0110C4D2+3286146]
	GetHandleVerifier [0x00E89C80+654384]
	(No symbol) [0x00D845BD]
	(No symbol) [0x00D814A8]
	(No symbol) [0x00D81647]
	(No symbol) [0x00D73D20]
	BaseThreadInitThunk [0x76CB5D49+25]
	RtlInitializeExceptionChain [0x7778CDEB+107]
	RtlGetAppContainerNamedObjectPath [0x7778CD71+561]

2025-02-21 20:47:26 | INFO | Added today's job: NAVEX is hiring for Software Engineer | Bangalore
2025-02-21 20:47:27 | INFO | Processing job detail page: https://www.jobfound.org/job/shell-is-hiring-for-graduate-programme-or-bangalore-graduate-engineer-trainee
2025-02-21 20:47:34 | WARNING | Error getting apply link: Message: element click intercepted: Element <button class="justify-center whitespace-nowrap ring-offset-background focus-visible:outline-none focus-visible:ring-2 focus-visible:ring-ring focus-visible:ring-offset-2 disabled:pointer-events-none disabled:opacity-50 h-11 bg-blue-600 hover:bg-blue-700 text-white font-semibold px-6 py-4 text-lg rounded-full transition-all duration-200 hover:scale-105 hover:shadow-lg flex items-center gap-2 group">...</button> is not clickable at point (377, 912). Other element would receive the click: <div id="aswift_9_host" style="border: none !important; height: 124px !important; width: 100% !important; margin: 0px !important; padding: 0px !important; position: relative !important; visibility: visible !important; background-color: transparent !important; display: inline-block !important; inset: auto !important; clear: none !important; float: none !important; max-height: none !important; max-width: none !important; opacity: 1 !important; overflow: visible !important; vertical-align: baseline !important; z-index: auto !important;">...</div>
  (Session info: chrome=133.0.6943.100)
Stacktrace:
	GetHandleVerifier [0x00DF0283+25139]
	(No symbol) [0x00D7B234]
	(No symbol) [0x00C504A3]
	(No symbol) [0x00C9E5D0]
	(No symbol) [0x00C9C984]
	(No symbol) [0x00C9A517]
	(No symbol) [0x00C997D4]
	(No symbol) [0x00C8DE55]
	(No symbol) [0x00CBCF3C]
	(No symbol) [0x00C8D8E4]
	(No symbol) [0x00CBD1B4]
	(No symbol) [0x00CDE6E1]
	(No symbol) [0x00CBCD36]
	(No symbol) [0x00C8BD29]
	(No symbol) [0x00C8D064]
	GetHandleVerifier [0x010FB143+3215603]
	GetHandleVerifier [0x011122BA+3310186]
	GetHandleVerifier [0x0110C4D2+3286146]
	GetHandleVerifier [0x00E89C80+654384]
	(No symbol) [0x00D845BD]
	(No symbol) [0x00D814A8]
	(No symbol) [0x00D81647]
	(No symbol) [0x00D73D20]
	BaseThreadInitThunk [0x76CB5D49+25]
	RtlInitializeExceptionChain [0x7778CDEB+107]
	RtlGetAppContainerNamedObjectPath [0x7778CD71+561]

2025-02-21 20:47:35 | INFO | Added today's job: Shell is hiring for Graduate Programme | Bangalore
2025-02-21 20:47:36 | INFO | Processing job detail page: https://www.jobfound.org/job/corelogic-is-hiring-for-software-engineer-ornoida-software-engineer
2025-02-21 20:47:43 | WARNING | Error getting apply link: Message: element click intercepted: Element <button class="justify-center whitespace-nowrap ring-offset-background focus-visible:outline-none focus-visible:ring-2 focus-visible:ring-ring focus-visible:ring-offset-2 disabled:pointer-events-none disabled:opacity-50 h-11 bg-blue-600 hover:bg-blue-700 text-white font-semibold px-6 py-4 text-lg rounded-full transition-all duration-200 hover:scale-105 hover:shadow-lg flex items-center gap-2 group">...</button> is not clickable at point (377, 912). Other element would receive the click: <div id="aswift_9_host" style="border: none !important; height: 124px !important; width: 100% !important; margin: 0px !important; padding: 0px !important; position: relative !important; visibility: visible !important; background-color: transparent !important; display: inline-block !important; inset: auto !important; clear: none !important; float: none !important; max-height: none !important; max-width: none !important; opacity: 1 !important; overflow: visible !important; vertical-align: baseline !important; z-index: auto !important;">...</div>
  (Session info: chrome=133.0.6943.100)
Stacktrace:
	GetHandleVerifier [0x00DF0283+25139]
	(No symbol) [0x00D7B234]
	(No symbol) [0x00C504A3]
	(No symbol) [0x00C9E5D0]
	(No symbol) [0x00C9C984]
	(No symbol) [0x00C9A517]
	(No symbol) [0x00C997D4]
	(No symbol) [0x00C8DE55]
	(No symbol) [0x00CBCF3C]
	(No symbol) [0x00C8D8E4]
	(No symbol) [0x00CBD1B4]
	(No symbol) [0x00CDE6E1]
	(No symbol) [0x00CBCD36]
	(No symbol) [0x00C8BD29]
	(No symbol) [0x00C8D064]
	GetHandleVerifier [0x010FB143+3215603]
	GetHandleVerifier [0x011122BA+3310186]
	GetHandleVerifier [0x0110C4D2+3286146]
	GetHandleVerifier [0x00E89C80+654384]
	(No symbol) [0x00D845BD]
	(No symbol) [0x00D814A8]
	(No symbol) [0x00D81647]
	(No symbol) [0x00D73D20]
	BaseThreadInitThunk [0x76CB5D49+25]
	RtlInitializeExceptionChain [0x7778CDEB+107]
	RtlGetAppContainerNamedObjectPath [0x7778CD71+561]

2025-02-21 20:47:43 | INFO | Added today's job: CoreLogic is hiring for Software Engineer | Noida
2025-02-21 20:47:44 | INFO | Processing job detail page: https://www.jobfound.org/job/blackberry-is-hiring-for-student-intern-or-hyderabad-software-engineer
2025-02-21 20:47:51 | WARNING | Error getting apply link: Message: element click intercepted: Element <button class="justify-center whitespace-nowrap ring-offset-background focus-visible:outline-none focus-visible:ring-2 focus-visible:ring-ring focus-visible:ring-offset-2 disabled:pointer-events-none disabled:opacity-50 h-11 bg-blue-600 hover:bg-blue-700 text-white font-semibold px-6 py-4 text-lg rounded-full transition-all duration-200 hover:scale-105 hover:shadow-lg flex items-center gap-2 group">...</button> is not clickable at point (377, 912). Other element would receive the click: <div id="aswift_9_host" style="border: none !important; height: 124px !important; width: 100% !important; margin: 0px !important; padding: 0px !important; position: relative !important; visibility: visible !important; background-color: transparent !important; display: inline-block !important; inset: auto !important; clear: none !important; float: none !important; max-height: none !important; max-width: none !important; opacity: 1 !important; overflow: visible !important; vertical-align: baseline !important; z-index: auto !important;">...</div>
  (Session info: chrome=133.0.6943.100)
Stacktrace:
	GetHandleVerifier [0x00DF0283+25139]
	(No symbol) [0x00D7B234]
	(No symbol) [0x00C504A3]
	(No symbol) [0x00C9E5D0]
	(No symbol) [0x00C9C984]
	(No symbol) [0x00C9A517]
	(No symbol) [0x00C997D4]
	(No symbol) [0x00C8DE55]
	(No symbol) [0x00CBCF3C]
	(No symbol) [0x00C8D8E4]
	(No symbol) [0x00CBD1B4]
	(No symbol) [0x00CDE6E1]
	(No symbol) [0x00CBCD36]
	(No symbol) [0x00C8BD29]
	(No symbol) [0x00C8D064]
	GetHandleVerifier [0x010FB143+3215603]
	GetHandleVerifier [0x011122BA+3310186]
	GetHandleVerifier [0x0110C4D2+3286146]
	GetHandleVerifier [0x00E89C80+654384]
	(No symbol) [0x00D845BD]
	(No symbol) [0x00D814A8]
	(No symbol) [0x00D81647]
	(No symbol) [0x00D73D20]
	BaseThreadInitThunk [0x76CB5D49+25]
	RtlInitializeExceptionChain [0x7778CDEB+107]
	RtlGetAppContainerNamedObjectPath [0x7778CD71+561]

2025-02-21 20:47:51 | INFO | Added today's job: BlackBerry is hiring for Student Intern | Hyderabad
2025-02-21 20:47:52 | INFO | Processing job detail page: https://www.jobfound.org/job/cex-is-hiring-for-trainee-associate-devops-engineer-or-software-engineer
2025-02-21 20:48:00 | WARNING | Error getting apply link: Message: element click intercepted: Element <button class="justify-center whitespace-nowrap ring-offset-background focus-visible:outline-none focus-visible:ring-2 focus-visible:ring-ring focus-visible:ring-offset-2 disabled:pointer-events-none disabled:opacity-50 h-11 bg-blue-600 hover:bg-blue-700 text-white font-semibold px-6 py-4 text-lg rounded-full transition-all duration-200 hover:scale-105 hover:shadow-lg flex items-center gap-2 group">...</button> is not clickable at point (377, 912). Other element would receive the click: <div id="aswift_9_host" style="border: none !important; height: 124px !important; width: 100% !important; margin: 0px !important; padding: 0px !important; position: relative !important; visibility: visible !important; background-color: transparent !important; display: inline-block !important; inset: auto !important; clear: none !important; float: none !important; max-height: none !important; max-width: none !important; opacity: 1 !important; overflow: visible !important; vertical-align: baseline !important; z-index: auto !important;">...</div>
  (Session info: chrome=133.0.6943.100)
Stacktrace:
	GetHandleVerifier [0x00DF0283+25139]
	(No symbol) [0x00D7B234]
	(No symbol) [0x00C504A3]
	(No symbol) [0x00C9E5D0]
	(No symbol) [0x00C9C984]
	(No symbol) [0x00C9A517]
	(No symbol) [0x00C997D4]
	(No symbol) [0x00C8DE55]
	(No symbol) [0x00CBCF3C]
	(No symbol) [0x00C8D8E4]
	(No symbol) [0x00CBD1B4]
	(No symbol) [0x00CDE6E1]
	(No symbol) [0x00CBCD36]
	(No symbol) [0x00C8BD29]
	(No symbol) [0x00C8D064]
	GetHandleVerifier [0x010FB143+3215603]
	GetHandleVerifier [0x011122BA+3310186]
	GetHandleVerifier [0x0110C4D2+3286146]
	GetHandleVerifier [0x00E89C80+654384]
	(No symbol) [0x00D845BD]
	(No symbol) [0x00D814A8]
	(No symbol) [0x00D81647]
	(No symbol) [0x00D73D20]
	BaseThreadInitThunk [0x76CB5D49+25]
	RtlInitializeExceptionChain [0x7778CDEB+107]
	RtlGetAppContainerNamedObjectPath [0x7778CD71+561]

2025-02-21 20:48:00 | INFO | Added today's job: CeX is hiring for Trainee / Associate DevOps Engineer | Freshers
2025-02-21 20:48:01 | INFO | Processing job detail page: https://www.jobfound.org/job/mr-cooper-group-is-hiring-for-software-development-engineer-or-chennai-bangalore-software-engineer
2025-02-21 20:48:08 | WARNING | Error getting apply link: Message: element click intercepted: Element <button class="justify-center whitespace-nowrap ring-offset-background focus-visible:outline-none focus-visible:ring-2 focus-visible:ring-ring focus-visible:ring-offset-2 disabled:pointer-events-none disabled:opacity-50 h-11 bg-blue-600 hover:bg-blue-700 text-white font-semibold px-6 py-4 text-lg rounded-full transition-all duration-200 hover:scale-105 hover:shadow-lg flex items-center gap-2 group">...</button> is not clickable at point (377, 912). Other element would receive the click: <div id="aswift_9_host" style="border: none !important; height: 124px !important; width: 100% !important; margin: 0px !important; padding: 0px !important; position: relative !important; visibility: visible !important; background-color: transparent !important; display: inline-block !important; inset: auto !important; clear: none !important; float: none !important; max-height: none !important; max-width: none !important; opacity: 1 !important; overflow: visible !important; vertical-align: baseline !important; z-index: auto !important;">...</div>
  (Session info: chrome=133.0.6943.100)
Stacktrace:
	GetHandleVerifier [0x00DF0283+25139]
	(No symbol) [0x00D7B234]
	(No symbol) [0x00C504A3]
	(No symbol) [0x00C9E5D0]
	(No symbol) [0x00C9C984]
	(No symbol) [0x00C9A517]
	(No symbol) [0x00C997D4]
	(No symbol) [0x00C8DE55]
	(No symbol) [0x00CBCF3C]
	(No symbol) [0x00C8D8E4]
	(No symbol) [0x00CBD1B4]
	(No symbol) [0x00CDE6E1]
	(No symbol) [0x00CBCD36]
	(No symbol) [0x00C8BD29]
	(No symbol) [0x00C8D064]
	GetHandleVerifier [0x010FB143+3215603]
	GetHandleVerifier [0x011122BA+3310186]
	GetHandleVerifier [0x0110C4D2+3286146]
	GetHandleVerifier [0x00E89C80+654384]
	(No symbol) [0x00D845BD]
	(No symbol) [0x00D814A8]
	(No symbol) [0x00D81647]
	(No symbol) [0x00D73D20]
	BaseThreadInitThunk [0x76CB5D49+25]
	RtlInitializeExceptionChain [0x7778CDEB+107]
	RtlGetAppContainerNamedObjectPath [0x7778CD71+561]

2025-02-21 20:48:09 | INFO | Added today's job: Mr. Cooper Group is hiring for Software development Engineer | Chennai, Bangalore
2025-02-21 20:48:10 | INFO | Processing job detail page: https://www.jobfound.org/job/qest-is-hiring-for-fullstack-developer-or-bangalore-full-stack-development
2025-02-21 20:48:17 | WARNING | Error getting apply link: Message: element click intercepted: Element <button class="justify-center whitespace-nowrap ring-offset-background focus-visible:outline-none focus-visible:ring-2 focus-visible:ring-ring focus-visible:ring-offset-2 disabled:pointer-events-none disabled:opacity-50 h-11 bg-blue-600 hover:bg-blue-700 text-white font-semibold px-6 py-4 text-lg rounded-full transition-all duration-200 hover:scale-105 hover:shadow-lg flex items-center gap-2 group">...</button> is not clickable at point (377, 912). Other element would receive the click: <div id="aswift_9_host" style="border: none !important; height: 124px !important; width: 100% !important; margin: 0px !important; padding: 0px !important; position: relative !important; visibility: visible !important; background-color: transparent !important; display: inline-block !important; inset: auto !important; clear: none !important; float: none !important; max-height: none !important; max-width: none !important; opacity: 1 !important; overflow: visible !important; vertical-align: baseline !important; z-index: auto !important;">...</div>
  (Session info: chrome=133.0.6943.100)
Stacktrace:
	GetHandleVerifier [0x00DF0283+25139]
	(No symbol) [0x00D7B234]
	(No symbol) [0x00C504A3]
	(No symbol) [0x00C9E5D0]
	(No symbol) [0x00C9C984]
	(No symbol) [0x00C9A517]
	(No symbol) [0x00C997D4]
	(No symbol) [0x00C8DE55]
	(No symbol) [0x00CBCF3C]
	(No symbol) [0x00C8D8E4]
	(No symbol) [0x00CBD1B4]
	(No symbol) [0x00CDE6E1]
	(No symbol) [0x00CBCD36]
	(No symbol) [0x00C8BD29]
	(No symbol) [0x00C8D064]
	GetHandleVerifier [0x010FB143+3215603]
	GetHandleVerifier [0x011122BA+3310186]
	GetHandleVerifier [0x0110C4D2+3286146]
	GetHandleVerifier [0x00E89C80+654384]
	(No symbol) [0x00D845BD]
	(No symbol) [0x00D814A8]
	(No symbol) [0x00D81647]
	(No symbol) [0x00D73D20]
	BaseThreadInitThunk [0x76CB5D49+25]
	RtlInitializeExceptionChain [0x7778CDEB+107]
	RtlGetAppContainerNamedObjectPath [0x7778CD71+561]

2025-02-21 20:48:17 | INFO | Added today's job: Qest is hiring for Fullstack Developer | Bangalore
2025-02-21 20:48:18 | INFO | Processing job detail page: https://www.jobfound.org/job/myntra-is-hiring-for-software-engineer-java-backend-2024-passouts
2025-02-21 20:48:25 | WARNING | Error getting apply link: Message: element click intercepted: Element <button class="justify-center whitespace-nowrap ring-offset-background focus-visible:outline-none focus-visible:ring-2 focus-visible:ring-ring focus-visible:ring-offset-2 disabled:pointer-events-none disabled:opacity-50 h-11 bg-blue-600 hover:bg-blue-700 text-white font-semibold px-6 py-4 text-lg rounded-full transition-all duration-200 hover:scale-105 hover:shadow-lg flex items-center gap-2 group">...</button> is not clickable at point (377, 912). Other element would receive the click: <div id="aswift_9_host" style="border: none !important; height: 124px !important; width: 100% !important; margin: 0px !important; padding: 0px !important; position: relative !important; visibility: visible !important; background-color: transparent !important; display: inline-block !important; inset: auto !important; clear: none !important; float: none !important; max-height: none !important; max-width: none !important; opacity: 1 !important; overflow: visible !important; vertical-align: baseline !important; z-index: auto !important;">...</div>
  (Session info: chrome=133.0.6943.100)
Stacktrace:
	GetHandleVerifier [0x00DF0283+25139]
	(No symbol) [0x00D7B234]
	(No symbol) [0x00C504A3]
	(No symbol) [0x00C9E5D0]
	(No symbol) [0x00C9C984]
	(No symbol) [0x00C9A517]
	(No symbol) [0x00C997D4]
	(No symbol) [0x00C8DE55]
	(No symbol) [0x00CBCF3C]
	(No symbol) [0x00C8D8E4]
	(No symbol) [0x00CBD1B4]
	(No symbol) [0x00CDE6E1]
	(No symbol) [0x00CBCD36]
	(No symbol) [0x00C8BD29]
	(No symbol) [0x00C8D064]
	GetHandleVerifier [0x010FB143+3215603]
	GetHandleVerifier [0x011122BA+3310186]
	GetHandleVerifier [0x0110C4D2+3286146]
	GetHandleVerifier [0x00E89C80+654384]
	(No symbol) [0x00D845BD]
	(No symbol) [0x00D814A8]
	(No symbol) [0x00D81647]
	(No symbol) [0x00D73D20]
	BaseThreadInitThunk [0x76CB5D49+25]
	RtlInitializeExceptionChain [0x7778CDEB+107]
	RtlGetAppContainerNamedObjectPath [0x7778CD71+561]

2025-02-21 20:48:25 | INFO | Added yesterday's job: Myntra is hiring for Software Engineer-Java Backend (2024 Passouts) | Freshers
2025-02-21 20:48:26 | INFO | Processing job detail page: https://www.jobfound.org/job/credit-saison-finance-pvt-ltd-is-hiring-for-software-developer-or-remote-software-engineer
2025-02-21 20:48:34 | WARNING | Error getting apply link: Message: element click intercepted: Element <button class="justify-center whitespace-nowrap ring-offset-background focus-visible:outline-none focus-visible:ring-2 focus-visible:ring-ring focus-visible:ring-offset-2 disabled:pointer-events-none disabled:opacity-50 h-11 bg-blue-600 hover:bg-blue-700 text-white font-semibold px-6 py-4 text-lg rounded-full transition-all duration-200 hover:scale-105 hover:shadow-lg flex items-center gap-2 group">...</button> is not clickable at point (377, 912). Other element would receive the click: <div id="aswift_9_host" style="border: none !important; height: 124px !important; width: 100% !important; margin: 0px !important; padding: 0px !important; position: relative !important; visibility: visible !important; background-color: transparent !important; display: inline-block !important; inset: auto !important; clear: none !important; float: none !important; max-height: none !important; max-width: none !important; opacity: 1 !important; overflow: visible !important; vertical-align: baseline !important; z-index: auto !important;">...</div>
  (Session info: chrome=133.0.6943.100)
Stacktrace:
	GetHandleVerifier [0x00DF0283+25139]
	(No symbol) [0x00D7B234]
	(No symbol) [0x00C504A3]
	(No symbol) [0x00C9E5D0]
	(No symbol) [0x00C9C984]
	(No symbol) [0x00C9A517]
	(No symbol) [0x00C997D4]
	(No symbol) [0x00C8DE55]
	(No symbol) [0x00CBCF3C]
	(No symbol) [0x00C8D8E4]
	(No symbol) [0x00CBD1B4]
	(No symbol) [0x00CDE6E1]
	(No symbol) [0x00CBCD36]
	(No symbol) [0x00C8BD29]
	(No symbol) [0x00C8D064]
	GetHandleVerifier [0x010FB143+3215603]
	GetHandleVerifier [0x011122BA+3310186]
	GetHandleVerifier [0x0110C4D2+3286146]
	GetHandleVerifier [0x00E89C80+654384]
	(No symbol) [0x00D845BD]
	(No symbol) [0x00D814A8]
	(No symbol) [0x00D81647]
	(No symbol) [0x00D73D20]
	BaseThreadInitThunk [0x76CB5D49+25]
	RtlInitializeExceptionChain [0x7778CDEB+107]
	RtlGetAppContainerNamedObjectPath [0x7778CD71+561]

2025-02-21 20:48:34 | INFO | Added yesterday's job: Credit Saison Finance Pvt Ltd is hiring for Software Developer | Remote
2025-02-21 20:48:35 | INFO | Processing job detail page: https://www.jobfound.org/job/one97-communications-limited-is-hiring-for-frontend-software-engineeror
2025-02-21 20:48:43 | WARNING | Error getting apply link: Message: element click intercepted: Element <button class="justify-center whitespace-nowrap ring-offset-background focus-visible:outline-none focus-visible:ring-2 focus-visible:ring-ring focus-visible:ring-offset-2 disabled:pointer-events-none disabled:opacity-50 h-11 bg-blue-600 hover:bg-blue-700 text-white font-semibold px-6 py-4 text-lg rounded-full transition-all duration-200 hover:scale-105 hover:shadow-lg flex items-center gap-2 group">...</button> is not clickable at point (377, 912). Other element would receive the click: <div id="aswift_9_host" style="border: none !important; height: 124px !important; width: 100% !important; margin: 0px !important; padding: 0px !important; position: relative !important; visibility: visible !important; background-color: transparent !important; display: inline-block !important; inset: auto !important; clear: none !important; float: none !important; max-height: none !important; max-width: none !important; opacity: 1 !important; overflow: visible !important; vertical-align: baseline !important; z-index: auto !important;">...</div>
  (Session info: chrome=133.0.6943.100)
Stacktrace:
	GetHandleVerifier [0x00DF0283+25139]
	(No symbol) [0x00D7B234]
	(No symbol) [0x00C504A3]
	(No symbol) [0x00C9E5D0]
	(No symbol) [0x00C9C984]
	(No symbol) [0x00C9A517]
	(No symbol) [0x00C997D4]
	(No symbol) [0x00C8DE55]
	(No symbol) [0x00CBCF3C]
	(No symbol) [0x00C8D8E4]
	(No symbol) [0x00CBD1B4]
	(No symbol) [0x00CDE6E1]
	(No symbol) [0x00CBCD36]
	(No symbol) [0x00C8BD29]
	(No symbol) [0x00C8D064]
	GetHandleVerifier [0x010FB143+3215603]
	GetHandleVerifier [0x011122BA+3310186]
	GetHandleVerifier [0x0110C4D2+3286146]
	GetHandleVerifier [0x00E89C80+654384]
	(No symbol) [0x00D845BD]
	(No symbol) [0x00D814A8]
	(No symbol) [0x00D81647]
	(No symbol) [0x00D73D20]
	BaseThreadInitThunk [0x76CB5D49+25]
	RtlInitializeExceptionChain [0x7778CDEB+107]
	RtlGetAppContainerNamedObjectPath [0x7778CD71+561]

2025-02-21 20:48:43 | INFO | Added yesterday's job: One97 Communications Limited is hiring for Frontend - Software Engineer| Noida
2025-02-21 20:48:44 | INFO | Processing job detail page: https://www.jobfound.org/job/callhub-is-hiring-for-software-development-engineering-or-bangalore-software-engineer
2025-02-21 20:48:52 | WARNING | Error getting apply link: Message: element click intercepted: Element <button class="justify-center whitespace-nowrap ring-offset-background focus-visible:outline-none focus-visible:ring-2 focus-visible:ring-ring focus-visible:ring-offset-2 disabled:pointer-events-none disabled:opacity-50 h-11 bg-blue-600 hover:bg-blue-700 text-white font-semibold px-6 py-4 text-lg rounded-full transition-all duration-200 hover:scale-105 hover:shadow-lg flex items-center gap-2 group">...</button> is not clickable at point (377, 912). Other element would receive the click: <div id="aswift_9_host" style="border: none !important; height: 124px !important; width: 100% !important; margin: 0px !important; padding: 0px !important; position: relative !important; visibility: visible !important; background-color: transparent !important; display: inline-block !important; inset: auto !important; clear: none !important; float: none !important; max-height: none !important; max-width: none !important; opacity: 1 !important; overflow: visible !important; vertical-align: baseline !important; z-index: auto !important;">...</div>
  (Session info: chrome=133.0.6943.100)
Stacktrace:
	GetHandleVerifier [0x00DF0283+25139]
	(No symbol) [0x00D7B234]
	(No symbol) [0x00C504A3]
	(No symbol) [0x00C9E5D0]
	(No symbol) [0x00C9C984]
	(No symbol) [0x00C9A517]
	(No symbol) [0x00C997D4]
	(No symbol) [0x00C8DE55]
	(No symbol) [0x00CBCF3C]
	(No symbol) [0x00C8D8E4]
	(No symbol) [0x00CBD1B4]
	(No symbol) [0x00CDE6E1]
	(No symbol) [0x00CBCD36]
	(No symbol) [0x00C8BD29]
	(No symbol) [0x00C8D064]
	GetHandleVerifier [0x010FB143+3215603]
	GetHandleVerifier [0x011122BA+3310186]
	GetHandleVerifier [0x0110C4D2+3286146]
	GetHandleVerifier [0x00E89C80+654384]
	(No symbol) [0x00D845BD]
	(No symbol) [0x00D814A8]
	(No symbol) [0x00D81647]
	(No symbol) [0x00D73D20]
	BaseThreadInitThunk [0x76CB5D49+25]
	RtlInitializeExceptionChain [0x7778CDEB+107]
	RtlGetAppContainerNamedObjectPath [0x7778CD71+561]

2025-02-21 20:48:52 | INFO | Added yesterday's job: CallHub is hiring for Software Development Engineering Intern | Bangalore
2025-02-21 20:48:53 | INFO | Processing job detail page: https://www.jobfound.org/job/opslyft-is-hiring-for-backend-sde-intern-or-noida-sdet
2025-02-21 20:49:00 | WARNING | Error getting apply link: Message: element click intercepted: Element <button class="justify-center whitespace-nowrap ring-offset-background focus-visible:outline-none focus-visible:ring-2 focus-visible:ring-ring focus-visible:ring-offset-2 disabled:pointer-events-none disabled:opacity-50 h-11 bg-blue-600 hover:bg-blue-700 text-white font-semibold px-6 py-4 text-lg rounded-full transition-all duration-200 hover:scale-105 hover:shadow-lg flex items-center gap-2 group">...</button> is not clickable at point (377, 912). Other element would receive the click: <div id="aswift_9_host" style="border: none !important; height: 124px !important; width: 100% !important; margin: 0px !important; padding: 0px !important; position: relative !important; visibility: visible !important; background-color: transparent !important; display: inline-block !important; inset: auto !important; clear: none !important; float: none !important; max-height: none !important; max-width: none !important; opacity: 1 !important; overflow: visible !important; vertical-align: baseline !important; z-index: auto !important;">...</div>
  (Session info: chrome=133.0.6943.100)
Stacktrace:
	GetHandleVerifier [0x00DF0283+25139]
	(No symbol) [0x00D7B234]
	(No symbol) [0x00C504A3]
	(No symbol) [0x00C9E5D0]
	(No symbol) [0x00C9C984]
	(No symbol) [0x00C9A517]
	(No symbol) [0x00C997D4]
	(No symbol) [0x00C8DE55]
	(No symbol) [0x00CBCF3C]
	(No symbol) [0x00C8D8E4]
	(No symbol) [0x00CBD1B4]
	(No symbol) [0x00CDE6E1]
	(No symbol) [0x00CBCD36]
	(No symbol) [0x00C8BD29]
	(No symbol) [0x00C8D064]
	GetHandleVerifier [0x010FB143+3215603]
	GetHandleVerifier [0x011122BA+3310186]
	GetHandleVerifier [0x0110C4D2+3286146]
	GetHandleVerifier [0x00E89C80+654384]
	(No symbol) [0x00D845BD]
	(No symbol) [0x00D814A8]
	(No symbol) [0x00D81647]
	(No symbol) [0x00D73D20]
	BaseThreadInitThunk [0x76CB5D49+25]
	RtlInitializeExceptionChain [0x7778CDEB+107]
	RtlGetAppContainerNamedObjectPath [0x7778CD71+561]

2025-02-21 20:49:00 | INFO | Added yesterday's job: OpsLyft is hiring for Backend SDE Intern | Noida
2025-02-21 20:49:01 | INFO | Processing job detail page: https://www.jobfound.org/job/100ms-inc-is-hiring-for-software-developer-or-bengaluru-software-engineer
2025-02-21 20:49:09 | WARNING | Error getting apply link: Message: element click intercepted: Element <button class="justify-center whitespace-nowrap ring-offset-background focus-visible:outline-none focus-visible:ring-2 focus-visible:ring-ring focus-visible:ring-offset-2 disabled:pointer-events-none disabled:opacity-50 h-11 bg-blue-600 hover:bg-blue-700 text-white font-semibold px-6 py-4 text-lg rounded-full transition-all duration-200 hover:scale-105 hover:shadow-lg flex items-center gap-2 group">...</button> is not clickable at point (377, 912). Other element would receive the click: <div id="aswift_9_host" style="border: none !important; height: 124px !important; width: 100% !important; margin: 0px !important; padding: 0px !important; position: relative !important; visibility: visible !important; background-color: transparent !important; display: inline-block !important; inset: auto !important; clear: none !important; float: none !important; max-height: none !important; max-width: none !important; opacity: 1 !important; overflow: visible !important; vertical-align: baseline !important; z-index: auto !important;">...</div>
  (Session info: chrome=133.0.6943.100)
Stacktrace:
	GetHandleVerifier [0x00DF0283+25139]
	(No symbol) [0x00D7B234]
	(No symbol) [0x00C504A3]
	(No symbol) [0x00C9E5D0]
	(No symbol) [0x00C9C984]
	(No symbol) [0x00C9A517]
	(No symbol) [0x00C997D4]
	(No symbol) [0x00C8DE55]
	(No symbol) [0x00CBCF3C]
	(No symbol) [0x00C8D8E4]
	(No symbol) [0x00CBD1B4]
	(No symbol) [0x00CDE6E1]
	(No symbol) [0x00CBCD36]
	(No symbol) [0x00C8BD29]
	(No symbol) [0x00C8D064]
	GetHandleVerifier [0x010FB143+3215603]
	GetHandleVerifier [0x011122BA+3310186]
	GetHandleVerifier [0x0110C4D2+3286146]
	GetHandleVerifier [0x00E89C80+654384]
	(No symbol) [0x00D845BD]
	(No symbol) [0x00D814A8]
	(No symbol) [0x00D81647]
	(No symbol) [0x00D73D20]
	BaseThreadInitThunk [0x76CB5D49+25]
	RtlInitializeExceptionChain [0x7778CDEB+107]
	RtlGetAppContainerNamedObjectPath [0x7778CD71+561]

2025-02-21 20:49:09 | INFO | Added yesterday's job: 100ms Inc is hiring for Software Developer | Bengaluru
2025-02-21 20:49:10 | INFO | Processing job detail page: https://www.jobfound.org/job/middleware-is-hiring-for-frontend-engineer-or-gurugram-frontend-development
2025-02-21 20:49:17 | WARNING | Error getting apply link: Message: element click intercepted: Element <button class="justify-center whitespace-nowrap ring-offset-background focus-visible:outline-none focus-visible:ring-2 focus-visible:ring-ring focus-visible:ring-offset-2 disabled:pointer-events-none disabled:opacity-50 h-11 bg-blue-600 hover:bg-blue-700 text-white font-semibold px-6 py-4 text-lg rounded-full transition-all duration-200 hover:scale-105 hover:shadow-lg flex items-center gap-2 group">...</button> is not clickable at point (377, 912). Other element would receive the click: <div id="aswift_9_host" style="border: none !important; height: 124px !important; width: 100% !important; margin: 0px !important; padding: 0px !important; position: relative !important; visibility: visible !important; background-color: transparent !important; display: inline-block !important; inset: auto !important; clear: none !important; float: none !important; max-height: none !important; max-width: none !important; opacity: 1 !important; overflow: visible !important; vertical-align: baseline !important; z-index: auto !important;">...</div>
  (Session info: chrome=133.0.6943.100)
Stacktrace:
	GetHandleVerifier [0x00DF0283+25139]
	(No symbol) [0x00D7B234]
	(No symbol) [0x00C504A3]
	(No symbol) [0x00C9E5D0]
	(No symbol) [0x00C9C984]
	(No symbol) [0x00C9A517]
	(No symbol) [0x00C997D4]
	(No symbol) [0x00C8DE55]
	(No symbol) [0x00CBCF3C]
	(No symbol) [0x00C8D8E4]
	(No symbol) [0x00CBD1B4]
	(No symbol) [0x00CDE6E1]
	(No symbol) [0x00CBCD36]
	(No symbol) [0x00C8BD29]
	(No symbol) [0x00C8D064]
	GetHandleVerifier [0x010FB143+3215603]
	GetHandleVerifier [0x011122BA+3310186]
	GetHandleVerifier [0x0110C4D2+3286146]
	GetHandleVerifier [0x00E89C80+654384]
	(No symbol) [0x00D845BD]
	(No symbol) [0x00D814A8]
	(No symbol) [0x00D81647]
	(No symbol) [0x00D73D20]
	BaseThreadInitThunk [0x76CB5D49+25]
	RtlInitializeExceptionChain [0x7778CDEB+107]
	RtlGetAppContainerNamedObjectPath [0x7778CD71+561]

2025-02-21 20:49:17 | INFO | Added yesterday's job: Middleware is hiring for Frontend Engineer | Gurugram
2025-02-21 20:49:18 | INFO | Processing job detail page: https://www.jobfound.org/job/amazatic-solutions-is-hiring-for-reactjs-developer-or-maharashtra-frontend-development
2025-02-21 20:49:25 | INFO | Found older job after processing current jobs. Stopping collection.
2025-02-21 20:49:25 | INFO | Successfully scraped 17 jobs (Today: 10, Yesterday: 7)
2025-02-21 20:49:27 | INFO | Function scrape_jobs took 207.40 seconds
2025-02-21 20:49:27 | INFO | Found 17 jobs from scraping
2025-02-21 20:49:27 | INFO | Storing jobs in database...
2025-02-21 20:49:27 | INFO | Found 10 new jobs to store
2025-02-21 20:49:27 | INFO | Attempting to store 10 jobs
2025-02-21 20:49:27 | INFO | Prepared job for storage: Delightree is hiring for Backend Developer - NodeJS | Remote
2025-02-21 20:49:27 | INFO | Prepared job for storage: GigaML is hiring for Founding Full Stack Engineer | Bengaluru
2025-02-21 20:49:27 | INFO | Prepared job for storage: Pocketly is hiring for Software Developer | Bengaluru
2025-02-21 20:49:27 | INFO | Prepared job for storage: NAVEX is hiring for Software Engineer | Bangalore
2025-02-21 20:49:27 | INFO | Prepared job for storage: Shell is hiring for Graduate Programme | Bangalore
2025-02-21 20:49:27 | INFO | Prepared job for storage: CoreLogic is hiring for Software Engineer | Noida
2025-02-21 20:49:27 | INFO | Prepared job for storage: BlackBerry is hiring for Student Intern | Hyderabad
2025-02-21 20:49:27 | INFO | Prepared job for storage: CeX is hiring for Trainee / Associate DevOps Engineer | Freshers
2025-02-21 20:49:27 | INFO | Prepared job for storage: Mr. Cooper Group is hiring for Software development Engineer | Chennai, Bangalore
2025-02-21 20:49:27 | INFO | Prepared job for storage: Qest is hiring for Fullstack Developer | Bangalore
2025-02-21 20:49:27 | INFO | Successfully stored 10 jobs
2025-02-21 20:49:27 | INFO | Successfully stored 10 new jobs
2025-02-21 20:49:36 | INFO | Email sent successfully to prasanthranger09@gmail.com
2025-02-21 20:49:36 | INFO | Function scrape_and_process_jobs took 216.39 seconds
